[2025-11-22T07:58:44.832+0000] {manager.py:470} INFO - Processing files using up to 2 processes at a time 
[2025-11-22T07:58:44.890+0000] {manager.py:471} INFO - Process each file at most once every 30 seconds
[2025-11-22T07:58:44.893+0000] {manager.py:472} INFO - Checking for new files in /opt/airflow/dags every 300 seconds
[2025-11-22T07:58:44.896+0000] {manager.py:737} INFO - Searching for files in /opt/airflow/dags
[2025-11-22T07:58:44.905+0000] {manager.py:740} INFO - There are 0 files in /opt/airflow/dags
[2025-11-22T08:03:45.090+0000] {manager.py:737} INFO - Searching for files in /opt/airflow/dags
[2025-11-22T08:03:45.130+0000] {manager.py:740} INFO - There are 0 files in /opt/airflow/dags
[2025-11-22T08:08:45.848+0000] {manager.py:737} INFO - Searching for files in /opt/airflow/dags
[2025-11-22T08:08:45.858+0000] {manager.py:740} INFO - There are 0 files in /opt/airflow/dags
[2025-11-22T08:13:46.517+0000] {manager.py:737} INFO - Searching for files in /opt/airflow/dags
[2025-11-22T08:13:46.521+0000] {manager.py:740} INFO - There are 0 files in /opt/airflow/dags
[2025-11-22T08:18:47.221+0000] {manager.py:737} INFO - Searching for files in /opt/airflow/dags
[2025-11-22T08:18:47.227+0000] {manager.py:740} INFO - There are 0 files in /opt/airflow/dags
[2025-11-22T08:23:47.856+0000] {manager.py:737} INFO - Searching for files in /opt/airflow/dags
[2025-11-22T08:23:47.866+0000] {manager.py:740} INFO - There are 0 files in /opt/airflow/dags
[2025-11-22T08:28:48.649+0000] {manager.py:737} INFO - Searching for files in /opt/airflow/dags
[2025-11-22T08:28:48.656+0000] {manager.py:740} INFO - There are 0 files in /opt/airflow/dags
[2025-11-22T08:33:49.221+0000] {manager.py:737} INFO - Searching for files in /opt/airflow/dags
[2025-11-22T08:33:49.375+0000] {manager.py:740} INFO - There are 0 files in /opt/airflow/dags
[2025-11-22T08:38:50.072+0000] {manager.py:737} INFO - Searching for files in /opt/airflow/dags
[2025-11-22T08:38:50.079+0000] {manager.py:740} INFO - There are 0 files in /opt/airflow/dags
[2025-11-22T08:43:50.686+0000] {manager.py:737} INFO - Searching for files in /opt/airflow/dags
[2025-11-22T08:43:50.696+0000] {manager.py:740} INFO - There are 0 files in /opt/airflow/dags
[2025-11-22T08:48:51.289+0000] {manager.py:737} INFO - Searching for files in /opt/airflow/dags
[2025-11-22T08:48:51.298+0000] {manager.py:740} INFO - There are 0 files in /opt/airflow/dags
[2025-11-22T08:53:51.933+0000] {manager.py:737} INFO - Searching for files in /opt/airflow/dags
[2025-11-22T08:53:51.941+0000] {manager.py:740} INFO - There are 0 files in /opt/airflow/dags
[2025-11-22T08:58:52.725+0000] {manager.py:737} INFO - Searching for files in /opt/airflow/dags
[2025-11-22T08:58:52.729+0000] {manager.py:740} INFO - There are 0 files in /opt/airflow/dags
[2025-11-22T09:03:53.393+0000] {manager.py:737} INFO - Searching for files in /opt/airflow/dags
[2025-11-22T09:03:53.399+0000] {manager.py:740} INFO - There are 0 files in /opt/airflow/dags
[2025-11-22T09:08:54.281+0000] {manager.py:737} INFO - Searching for files in /opt/airflow/dags
[2025-11-22T09:08:54.288+0000] {manager.py:740} INFO - There are 0 files in /opt/airflow/dags
[2025-11-22T09:13:55.209+0000] {manager.py:737} INFO - Searching for files in /opt/airflow/dags
[2025-11-22T09:13:55.212+0000] {manager.py:740} INFO - There are 0 files in /opt/airflow/dags
[2025-11-22T09:18:55.914+0000] {manager.py:737} INFO - Searching for files in /opt/airflow/dags
[2025-11-22T09:18:55.921+0000] {manager.py:740} INFO - There are 0 files in /opt/airflow/dags
[2025-11-22T09:23:56.745+0000] {manager.py:737} INFO - Searching for files in /opt/airflow/dags
[2025-11-22T09:23:56.752+0000] {manager.py:740} INFO - There are 0 files in /opt/airflow/dags
[2025-11-22T09:28:57.592+0000] {manager.py:737} INFO - Searching for files in /opt/airflow/dags
[2025-11-22T09:28:57.599+0000] {manager.py:740} INFO - There are 0 files in /opt/airflow/dags
[2025-11-22T09:33:58.464+0000] {manager.py:737} INFO - Searching for files in /opt/airflow/dags
[2025-11-22T09:33:58.475+0000] {manager.py:740} INFO - There are 0 files in /opt/airflow/dags
[2025-11-22T09:38:59.365+0000] {manager.py:737} INFO - Searching for files in /opt/airflow/dags
[2025-11-22T09:38:59.371+0000] {manager.py:740} INFO - There are 0 files in /opt/airflow/dags
[2025-11-22T09:44:00.179+0000] {manager.py:737} INFO - Searching for files in /opt/airflow/dags
[2025-11-22T09:44:00.187+0000] {manager.py:740} INFO - There are 0 files in /opt/airflow/dags
[2025-11-22T09:49:00.980+0000] {manager.py:737} INFO - Searching for files in /opt/airflow/dags
[2025-11-22T09:49:00.990+0000] {manager.py:740} INFO - There are 0 files in /opt/airflow/dags
[2025-11-22T09:54:01.962+0000] {manager.py:737} INFO - Searching for files in /opt/airflow/dags
[2025-11-22T09:54:01.970+0000] {manager.py:740} INFO - There are 0 files in /opt/airflow/dags
[2025-11-22T09:59:02.953+0000] {manager.py:737} INFO - Searching for files in /opt/airflow/dags
[2025-11-22T09:59:02.967+0000] {manager.py:740} INFO - There are 0 files in /opt/airflow/dags
[2025-11-22T10:04:03.004+0000] {manager.py:737} INFO - Searching for files in /opt/airflow/dags
[2025-11-22T10:04:03.014+0000] {manager.py:740} INFO - There are 0 files in /opt/airflow/dags
[2025-11-22T10:09:03.654+0000] {manager.py:737} INFO - Searching for files in /opt/airflow/dags
[2025-11-22T10:09:03.659+0000] {manager.py:740} INFO - There are 0 files in /opt/airflow/dags
[2025-11-22T10:10:22.579+0000] {manager.py:452} INFO - Exiting gracefully upon receiving signal 15
[2025-11-22T10:13:43.285+0000] {manager.py:470} INFO - Processing files using up to 2 processes at a time 
[2025-11-22T10:13:43.288+0000] {manager.py:471} INFO - Process each file at most once every 30 seconds
[2025-11-22T10:13:43.290+0000] {manager.py:472} INFO - Checking for new files in /opt/airflow/dags every 300 seconds
[2025-11-22T10:13:43.292+0000] {manager.py:737} INFO - Searching for files in /opt/airflow/dags
[2025-11-22T10:13:43.299+0000] {manager.py:740} INFO - There are 0 files in /opt/airflow/dags
[2025-11-22T10:18:44.272+0000] {manager.py:737} INFO - Searching for files in /opt/airflow/dags
[2025-11-22T10:18:44.280+0000] {manager.py:740} INFO - There are 0 files in /opt/airflow/dags
[2025-11-22T10:23:45.142+0000] {manager.py:737} INFO - Searching for files in /opt/airflow/dags
[2025-11-22T10:23:45.148+0000] {manager.py:740} INFO - There are 0 files in /opt/airflow/dags
[2025-11-22T10:28:45.801+0000] {manager.py:737} INFO - Searching for files in /opt/airflow/dags
[2025-11-22T10:28:45.808+0000] {manager.py:740} INFO - There are 0 files in /opt/airflow/dags
[2025-11-22T10:33:46.517+0000] {manager.py:737} INFO - Searching for files in /opt/airflow/dags
[2025-11-22T10:33:46.527+0000] {manager.py:740} INFO - There are 0 files in /opt/airflow/dags
[2025-11-22T10:38:47.110+0000] {manager.py:737} INFO - Searching for files in /opt/airflow/dags
[2025-11-22T10:38:47.116+0000] {manager.py:740} INFO - There are 0 files in /opt/airflow/dags
[2025-11-22T10:43:47.753+0000] {manager.py:737} INFO - Searching for files in /opt/airflow/dags
[2025-11-22T10:43:47.758+0000] {manager.py:740} INFO - There are 0 files in /opt/airflow/dags
[2025-11-22T10:48:48.700+0000] {manager.py:737} INFO - Searching for files in /opt/airflow/dags
[2025-11-22T10:48:48.709+0000] {manager.py:740} INFO - There are 0 files in /opt/airflow/dags
[2025-11-22T10:52:56.725+0000] {manager.py:452} INFO - Exiting gracefully upon receiving signal 15
[2025-11-22T17:04:11.760+0000] {manager.py:470} INFO - Processing files using up to 2 processes at a time 
[2025-11-22T17:04:11.846+0000] {manager.py:471} INFO - Process each file at most once every 30 seconds
[2025-11-22T17:04:11.857+0000] {manager.py:472} INFO - Checking for new files in /opt/airflow/dags every 300 seconds
[2025-11-22T17:04:11.864+0000] {manager.py:737} INFO - Searching for files in /opt/airflow/dags
[2025-11-22T17:04:11.885+0000] {manager.py:740} INFO - There are 0 files in /opt/airflow/dags
[2025-11-22T17:04:52.686+0000] {manager.py:452} INFO - Exiting gracefully upon receiving signal 15
[2025-11-22T17:07:49.930+0000] {manager.py:470} INFO - Processing files using up to 2 processes at a time 
[2025-11-22T17:07:49.934+0000] {manager.py:471} INFO - Process each file at most once every 30 seconds
[2025-11-22T17:07:49.938+0000] {manager.py:472} INFO - Checking for new files in /opt/airflow/dags every 300 seconds
[2025-11-22T17:07:49.940+0000] {manager.py:737} INFO - Searching for files in /opt/airflow/dags
[2025-11-22T17:07:49.951+0000] {manager.py:740} INFO - There are 0 files in /opt/airflow/dags
[2025-11-22T17:12:50.732+0000] {manager.py:737} INFO - Searching for files in /opt/airflow/dags
[2025-11-22T17:12:50.736+0000] {manager.py:740} INFO - There are 0 files in /opt/airflow/dags
[2025-11-22T17:17:50.981+0000] {manager.py:737} INFO - Searching for files in /opt/airflow/dags
[2025-11-22T17:17:50.987+0000] {manager.py:740} INFO - There are 0 files in /opt/airflow/dags
[2025-11-22T17:22:51.548+0000] {manager.py:737} INFO - Searching for files in /opt/airflow/dags
[2025-11-22T17:22:51.554+0000] {manager.py:740} INFO - There are 0 files in /opt/airflow/dags
[2025-11-22T17:23:04.309+0000] {manager.py:452} INFO - Exiting gracefully upon receiving signal 15
[2025-11-22T17:36:38.411+0000] {manager.py:470} INFO - Processing files using up to 2 processes at a time 
[2025-11-22T17:36:38.412+0000] {manager.py:471} INFO - Process each file at most once every 30 seconds
[2025-11-22T17:36:38.413+0000] {manager.py:472} INFO - Checking for new files in /opt/airflow/dags every 300 seconds
[2025-11-22T17:36:38.414+0000] {manager.py:737} INFO - Searching for files in /opt/airflow/dags
[2025-11-22T17:36:38.419+0000] {manager.py:740} INFO - There are 0 files in /opt/airflow/dags
[2025-11-22T17:41:38.679+0000] {manager.py:737} INFO - Searching for files in /opt/airflow/dags
[2025-11-22T17:41:38.684+0000] {manager.py:740} INFO - There are 0 files in /opt/airflow/dags
[2025-11-22T17:46:39.622+0000] {manager.py:737} INFO - Searching for files in /opt/airflow/dags
[2025-11-22T17:46:39.628+0000] {manager.py:740} INFO - There are 0 files in /opt/airflow/dags
[2025-11-22T17:51:40.363+0000] {manager.py:737} INFO - Searching for files in /opt/airflow/dags
[2025-11-22T17:51:40.369+0000] {manager.py:740} INFO - There are 0 files in /opt/airflow/dags
[2025-11-22T17:56:40.397+0000] {manager.py:737} INFO - Searching for files in /opt/airflow/dags
[2025-11-22T17:56:40.402+0000] {manager.py:740} INFO - There are 0 files in /opt/airflow/dags
[2025-11-22T18:01:41.147+0000] {manager.py:737} INFO - Searching for files in /opt/airflow/dags
[2025-11-22T18:01:41.152+0000] {manager.py:740} INFO - There are 0 files in /opt/airflow/dags
[2025-11-22T18:06:41.255+0000] {manager.py:737} INFO - Searching for files in /opt/airflow/dags
[2025-11-22T18:06:41.260+0000] {manager.py:740} INFO - There are 0 files in /opt/airflow/dags
[2025-11-22T18:11:41.299+0000] {manager.py:737} INFO - Searching for files in /opt/airflow/dags
[2025-11-22T18:11:41.304+0000] {manager.py:740} INFO - There are 0 files in /opt/airflow/dags
[2025-11-22T18:16:41.793+0000] {manager.py:737} INFO - Searching for files in /opt/airflow/dags
[2025-11-22T18:16:41.799+0000] {manager.py:740} INFO - There are 0 files in /opt/airflow/dags
[2025-11-22T18:21:41.905+0000] {manager.py:737} INFO - Searching for files in /opt/airflow/dags
[2025-11-22T18:21:41.910+0000] {manager.py:740} INFO - There are 0 files in /opt/airflow/dags
[2025-11-22T18:26:42.053+0000] {manager.py:737} INFO - Searching for files in /opt/airflow/dags
[2025-11-22T18:26:42.057+0000] {manager.py:740} INFO - There are 0 files in /opt/airflow/dags
[2025-11-22T18:31:42.925+0000] {manager.py:737} INFO - Searching for files in /opt/airflow/dags
[2025-11-22T18:31:42.931+0000] {manager.py:740} INFO - There are 0 files in /opt/airflow/dags
[2025-11-22T18:36:43.246+0000] {manager.py:737} INFO - Searching for files in /opt/airflow/dags
[2025-11-22T18:36:43.252+0000] {manager.py:740} INFO - There are 0 files in /opt/airflow/dags
[2025-11-22T18:41:43.769+0000] {manager.py:737} INFO - Searching for files in /opt/airflow/dags
[2025-11-22T18:41:43.772+0000] {manager.py:740} INFO - There are 0 files in /opt/airflow/dags
[2025-11-22T18:46:44.639+0000] {manager.py:737} INFO - Searching for files in /opt/airflow/dags
[2025-11-22T18:46:44.642+0000] {manager.py:740} INFO - There are 0 files in /opt/airflow/dags
[2025-11-22T18:51:45.324+0000] {manager.py:737} INFO - Searching for files in /opt/airflow/dags
[2025-11-22T18:51:45.327+0000] {manager.py:740} INFO - There are 0 files in /opt/airflow/dags
[2025-11-22T18:56:45.583+0000] {manager.py:737} INFO - Searching for files in /opt/airflow/dags
[2025-11-22T18:56:45.588+0000] {manager.py:740} INFO - There are 0 files in /opt/airflow/dags
[2025-11-22T19:01:45.756+0000] {manager.py:737} INFO - Searching for files in /opt/airflow/dags
[2025-11-22T19:01:45.761+0000] {manager.py:740} INFO - There are 0 files in /opt/airflow/dags
[2025-11-22T19:03:06.751+0000] {manager.py:452} INFO - Exiting gracefully upon receiving signal 15
[2025-11-22T19:11:24.296+0000] {manager.py:470} INFO - Processing files using up to 2 processes at a time 
[2025-11-22T19:11:24.298+0000] {manager.py:471} INFO - Process each file at most once every 30 seconds
[2025-11-22T19:11:24.299+0000] {manager.py:472} INFO - Checking for new files in /opt/airflow/dags every 300 seconds
[2025-11-22T19:11:24.301+0000] {manager.py:737} INFO - Searching for files in /opt/airflow/dags
[2025-11-22T19:11:24.307+0000] {manager.py:740} INFO - There are 0 files in /opt/airflow/dags
[2025-11-22T19:16:25.207+0000] {manager.py:737} INFO - Searching for files in /opt/airflow/dags
[2025-11-22T19:16:25.212+0000] {manager.py:740} INFO - There are 0 files in /opt/airflow/dags
[2025-11-22T19:21:26.045+0000] {manager.py:737} INFO - Searching for files in /opt/airflow/dags
[2025-11-22T19:21:26.050+0000] {manager.py:740} INFO - There are 0 files in /opt/airflow/dags
[2025-11-22T19:26:26.175+0000] {manager.py:737} INFO - Searching for files in /opt/airflow/dags
[2025-11-22T19:26:26.180+0000] {manager.py:740} INFO - There are 0 files in /opt/airflow/dags
[2025-11-22T19:31:26.219+0000] {manager.py:737} INFO - Searching for files in /opt/airflow/dags
[2025-11-22T19:31:26.224+0000] {manager.py:740} INFO - There are 0 files in /opt/airflow/dags
[2025-11-22T19:36:27.407+0000] {manager.py:737} INFO - Searching for files in /opt/airflow/dags
[2025-11-22T19:36:27.413+0000] {manager.py:740} INFO - There are 0 files in /opt/airflow/dags
[2025-11-22T19:41:28.154+0000] {manager.py:737} INFO - Searching for files in /opt/airflow/dags
[2025-11-22T19:41:28.158+0000] {manager.py:740} INFO - There are 0 files in /opt/airflow/dags
[2025-11-22T19:46:28.860+0000] {manager.py:737} INFO - Searching for files in /opt/airflow/dags
[2025-11-22T19:46:28.865+0000] {manager.py:740} INFO - There are 0 files in /opt/airflow/dags
[2025-11-22T19:51:29.233+0000] {manager.py:737} INFO - Searching for files in /opt/airflow/dags
[2025-11-22T19:51:29.239+0000] {manager.py:740} INFO - There are 0 files in /opt/airflow/dags
[2025-11-22T19:56:29.840+0000] {manager.py:737} INFO - Searching for files in /opt/airflow/dags
[2025-11-22T19:56:29.845+0000] {manager.py:740} INFO - There are 0 files in /opt/airflow/dags
[2025-11-22T20:01:30.204+0000] {manager.py:737} INFO - Searching for files in /opt/airflow/dags
[2025-11-22T20:01:30.211+0000] {manager.py:740} INFO - There are 0 files in /opt/airflow/dags
[2025-11-22T20:06:30.489+0000] {manager.py:737} INFO - Searching for files in /opt/airflow/dags
[2025-11-22T20:06:30.493+0000] {manager.py:740} INFO - There are 0 files in /opt/airflow/dags
[2025-11-22T20:11:31.104+0000] {manager.py:737} INFO - Searching for files in /opt/airflow/dags
[2025-11-22T20:11:31.127+0000] {manager.py:740} INFO - There are 0 files in /opt/airflow/dags
[2025-11-22T20:16:31.697+0000] {manager.py:737} INFO - Searching for files in /opt/airflow/dags
[2025-11-22T20:16:31.706+0000] {manager.py:740} INFO - There are 0 files in /opt/airflow/dags
[2025-11-22T20:21:32.070+0000] {manager.py:737} INFO - Searching for files in /opt/airflow/dags
[2025-11-22T20:21:32.075+0000] {manager.py:740} INFO - There are 0 files in /opt/airflow/dags
[2025-11-22T20:26:32.189+0000] {manager.py:737} INFO - Searching for files in /opt/airflow/dags
[2025-11-22T20:26:32.326+0000] {manager.py:740} INFO - There are 1 files in /opt/airflow/dags
[2025-11-22T20:27:01.106+0000] {manager.py:878} INFO - 
================================================================================
DAG File Processing Stats

File Path                                    PID    Runtime      # DAGs    # Errors  Last Runtime    Last Run
-------------------------------------------  -----  ---------  --------  ----------  --------------  -------------------
/opt/airflow/dags/minio_to_snowflake_dag.py                           1           0  14.59s          2025-11-22T20:26:47
================================================================================
[2025-11-22T20:27:32.319+0000] {manager.py:878} INFO - 
================================================================================
DAG File Processing Stats

File Path                                    PID    Runtime      # DAGs    # Errors  Last Runtime    Last Run
-------------------------------------------  -----  ---------  --------  ----------  --------------  -------------------
/opt/airflow/dags/minio_to_snowflake_dag.py                           1           0  1.10s           2025-11-22T20:27:18
================================================================================
[2025-11-22T20:28:03.177+0000] {manager.py:878} INFO - 
================================================================================
DAG File Processing Stats

File Path                                    PID    Runtime      # DAGs    # Errors  Last Runtime    Last Run
-------------------------------------------  -----  ---------  --------  ----------  --------------  -------------------
/opt/airflow/dags/minio_to_snowflake_dag.py                           1           0  1.02s           2025-11-22T20:27:50
================================================================================
[2025-11-22T20:28:33.910+0000] {manager.py:878} INFO - 
================================================================================
DAG File Processing Stats

File Path                                    PID    Runtime      # DAGs    # Errors  Last Runtime    Last Run
-------------------------------------------  -----  ---------  --------  ----------  --------------  -------------------
/opt/airflow/dags/minio_to_snowflake_dag.py                           1           0  2.58s           2025-11-22T20:28:23
================================================================================
[2025-11-22T20:29:04.942+0000] {manager.py:878} INFO - 
================================================================================
DAG File Processing Stats

File Path                                    PID    Runtime      # DAGs    # Errors  Last Runtime    Last Run
-------------------------------------------  -----  ---------  --------  ----------  --------------  -------------------
/opt/airflow/dags/minio_to_snowflake_dag.py                           1           0  2.89s           2025-11-22T20:28:55
================================================================================
[2025-11-22T20:29:35.853+0000] {manager.py:878} INFO - 
================================================================================
DAG File Processing Stats

File Path                                    PID    Runtime      # DAGs    # Errors  Last Runtime    Last Run
-------------------------------------------  -----  ---------  --------  ----------  --------------  -------------------
/opt/airflow/dags/minio_to_snowflake_dag.py                           1           0  0.98s           2025-11-22T20:29:27
================================================================================
[2025-11-22T20:30:06.897+0000] {manager.py:878} INFO - 
================================================================================
DAG File Processing Stats

File Path                                    PID    Runtime      # DAGs    # Errors  Last Runtime    Last Run
-------------------------------------------  -----  ---------  --------  ----------  --------------  -------------------
/opt/airflow/dags/minio_to_snowflake_dag.py                           1           0  6.22s           2025-11-22T20:30:04
================================================================================
[2025-11-22T20:30:37.839+0000] {manager.py:878} INFO - 
================================================================================
DAG File Processing Stats

File Path                                    PID    Runtime      # DAGs    # Errors  Last Runtime    Last Run
-------------------------------------------  -----  ---------  --------  ----------  --------------  -------------------
/opt/airflow/dags/minio_to_snowflake_dag.py                           1           0  1.77s           2025-11-22T20:30:37
================================================================================
[2025-11-22T20:31:08.769+0000] {manager.py:878} INFO - 
================================================================================
DAG File Processing Stats

File Path                                      PID  Runtime      # DAGs    # Errors  Last Runtime    Last Run
-------------------------------------------  -----  ---------  --------  ----------  --------------  -------------------
/opt/airflow/dags/minio_to_snowflake_dag.py    284  1.01s             1           0  1.77s           2025-11-22T20:30:37
================================================================================
[2025-11-22T20:31:32.771+0000] {manager.py:737} INFO - Searching for files in /opt/airflow/dags
[2025-11-22T20:31:32.794+0000] {manager.py:740} INFO - There are 1 files in /opt/airflow/dags
[2025-11-22T20:31:39.848+0000] {manager.py:878} INFO - 
================================================================================
DAG File Processing Stats

File Path                                    PID    Runtime      # DAGs    # Errors  Last Runtime    Last Run
-------------------------------------------  -----  ---------  --------  ----------  --------------  -------------------
/opt/airflow/dags/minio_to_snowflake_dag.py                           1           0  2.10s           2025-11-22T20:31:09
================================================================================
[2025-11-22T20:32:10.788+0000] {manager.py:878} INFO - 
================================================================================
DAG File Processing Stats

File Path                                    PID    Runtime      # DAGs    # Errors  Last Runtime    Last Run
-------------------------------------------  -----  ---------  --------  ----------  --------------  -------------------
/opt/airflow/dags/minio_to_snowflake_dag.py                           1           0  1.12s           2025-11-22T20:31:40
================================================================================
[2025-11-22T20:32:41.820+0000] {manager.py:878} INFO - 
================================================================================
DAG File Processing Stats

File Path                                    PID    Runtime      # DAGs    # Errors  Last Runtime    Last Run
-------------------------------------------  -----  ---------  --------  ----------  --------------  -------------------
/opt/airflow/dags/minio_to_snowflake_dag.py                           1           0  2.16s           2025-11-22T20:32:13
================================================================================
[2025-11-22T20:33:12.884+0000] {manager.py:878} INFO - 
================================================================================
DAG File Processing Stats

File Path                                    PID    Runtime      # DAGs    # Errors  Last Runtime    Last Run
-------------------------------------------  -----  ---------  --------  ----------  --------------  -------------------
/opt/airflow/dags/minio_to_snowflake_dag.py                           1           0  1.03s           2025-11-22T20:32:45
================================================================================
[2025-11-22T20:33:43.834+0000] {manager.py:878} INFO - 
================================================================================
DAG File Processing Stats

File Path                                    PID    Runtime      # DAGs    # Errors  Last Runtime    Last Run
-------------------------------------------  -----  ---------  --------  ----------  --------------  -------------------
/opt/airflow/dags/minio_to_snowflake_dag.py                           1           0  1.08s           2025-11-22T20:33:16
================================================================================
[2025-11-22T20:34:14.906+0000] {manager.py:878} INFO - 
================================================================================
DAG File Processing Stats

File Path                                    PID    Runtime      # DAGs    # Errors  Last Runtime    Last Run
-------------------------------------------  -----  ---------  --------  ----------  --------------  -------------------
/opt/airflow/dags/minio_to_snowflake_dag.py                           1           0  1.51s           2025-11-22T20:33:49
================================================================================
[2025-11-22T20:34:45.799+0000] {manager.py:878} INFO - 
================================================================================
DAG File Processing Stats

File Path                                    PID    Runtime      # DAGs    # Errors  Last Runtime    Last Run
-------------------------------------------  -----  ---------  --------  ----------  --------------  -------------------
/opt/airflow/dags/minio_to_snowflake_dag.py                           1           0  1.27s           2025-11-22T20:34:21
================================================================================
[2025-11-22T20:35:16.787+0000] {manager.py:878} INFO - 
================================================================================
DAG File Processing Stats

File Path                                    PID    Runtime      # DAGs    # Errors  Last Runtime    Last Run
-------------------------------------------  -----  ---------  --------  ----------  --------------  -------------------
/opt/airflow/dags/minio_to_snowflake_dag.py                           1           0  1.03s           2025-11-22T20:34:52
================================================================================
[2025-11-22T20:35:47.737+0000] {manager.py:878} INFO - 
================================================================================
DAG File Processing Stats

File Path                                    PID    Runtime      # DAGs    # Errors  Last Runtime    Last Run
-------------------------------------------  -----  ---------  --------  ----------  --------------  -------------------
/opt/airflow/dags/minio_to_snowflake_dag.py                           1           0  2.04s           2025-11-22T20:35:25
================================================================================
[2025-11-22T20:36:18.758+0000] {manager.py:878} INFO - 
================================================================================
DAG File Processing Stats

File Path                                    PID    Runtime      # DAGs    # Errors  Last Runtime    Last Run
-------------------------------------------  -----  ---------  --------  ----------  --------------  -------------------
/opt/airflow/dags/minio_to_snowflake_dag.py                           1           0  2.25s           2025-11-22T20:35:59
================================================================================
[2025-11-22T20:36:32.939+0000] {manager.py:737} INFO - Searching for files in /opt/airflow/dags
[2025-11-22T20:36:32.972+0000] {manager.py:740} INFO - There are 1 files in /opt/airflow/dags
[2025-11-22T20:36:49.811+0000] {manager.py:878} INFO - 
================================================================================
DAG File Processing Stats

File Path                                    PID    Runtime      # DAGs    # Errors  Last Runtime    Last Run
-------------------------------------------  -----  ---------  --------  ----------  --------------  -------------------
/opt/airflow/dags/minio_to_snowflake_dag.py                           1           0  1.01s           2025-11-22T20:36:30
================================================================================
[2025-11-22T20:37:20.784+0000] {manager.py:878} INFO - 
================================================================================
DAG File Processing Stats

File Path                                    PID    Runtime      # DAGs    # Errors  Last Runtime    Last Run
-------------------------------------------  -----  ---------  --------  ----------  --------------  -------------------
/opt/airflow/dags/minio_to_snowflake_dag.py                           1           0  1.76s           2025-11-22T20:37:03
================================================================================
[2025-11-22T20:37:51.791+0000] {manager.py:878} INFO - 
================================================================================
DAG File Processing Stats

File Path                                    PID    Runtime      # DAGs    # Errors  Last Runtime    Last Run
-------------------------------------------  -----  ---------  --------  ----------  --------------  -------------------
/opt/airflow/dags/minio_to_snowflake_dag.py                           1           0  1.26s           2025-11-22T20:37:35
================================================================================
[2025-11-22T20:38:22.770+0000] {manager.py:878} INFO - 
================================================================================
DAG File Processing Stats

File Path                                    PID    Runtime      # DAGs    # Errors  Last Runtime    Last Run
-------------------------------------------  -----  ---------  --------  ----------  --------------  -------------------
/opt/airflow/dags/minio_to_snowflake_dag.py                           1           0  2.94s           2025-11-22T20:38:08
================================================================================
[2025-11-22T20:38:53.587+0000] {manager.py:878} INFO - 
================================================================================
DAG File Processing Stats

File Path                                    PID    Runtime      # DAGs    # Errors  Last Runtime    Last Run
-------------------------------------------  -----  ---------  --------  ----------  --------------  -------------------
/opt/airflow/dags/minio_to_snowflake_dag.py                           1           0  1.84s           2025-11-22T20:38:41
================================================================================
[2025-11-22T20:39:24.393+0000] {manager.py:878} INFO - 
================================================================================
DAG File Processing Stats

File Path                                    PID    Runtime      # DAGs    # Errors  Last Runtime    Last Run
-------------------------------------------  -----  ---------  --------  ----------  --------------  -------------------
/opt/airflow/dags/minio_to_snowflake_dag.py                           1           0  2.44s           2025-11-22T20:39:14
================================================================================
[2025-11-22T20:39:55.348+0000] {manager.py:878} INFO - 
================================================================================
DAG File Processing Stats

File Path                                    PID    Runtime      # DAGs    # Errors  Last Runtime    Last Run
-------------------------------------------  -----  ---------  --------  ----------  --------------  -------------------
/opt/airflow/dags/minio_to_snowflake_dag.py                           1           0  2.66s           2025-11-22T20:39:47
================================================================================
[2025-11-22T20:40:26.555+0000] {manager.py:878} INFO - 
================================================================================
DAG File Processing Stats

File Path                                    PID    Runtime      # DAGs    # Errors  Last Runtime    Last Run
-------------------------------------------  -----  ---------  --------  ----------  --------------  -------------------
/opt/airflow/dags/minio_to_snowflake_dag.py                           1           0  2.20s           2025-11-22T20:40:19
================================================================================
[2025-11-22T20:40:57.955+0000] {manager.py:878} INFO - 
================================================================================
DAG File Processing Stats

File Path                                    PID    Runtime      # DAGs    # Errors  Last Runtime    Last Run
-------------------------------------------  -----  ---------  --------  ----------  --------------  -------------------
/opt/airflow/dags/minio_to_snowflake_dag.py                           1           0  2.42s           2025-11-22T20:40:52
================================================================================
[2025-11-22T20:41:29.192+0000] {manager.py:878} INFO - 
================================================================================
DAG File Processing Stats

File Path                                    PID    Runtime      # DAGs    # Errors  Last Runtime    Last Run
-------------------------------------------  -----  ---------  --------  ----------  --------------  -------------------
/opt/airflow/dags/minio_to_snowflake_dag.py                           1           0  2.31s           2025-11-22T20:41:24
================================================================================
[2025-11-22T20:41:33.223+0000] {manager.py:737} INFO - Searching for files in /opt/airflow/dags
[2025-11-22T20:41:33.263+0000] {manager.py:740} INFO - There are 1 files in /opt/airflow/dags
[2025-11-22T20:42:00.085+0000] {manager.py:878} INFO - 
================================================================================
DAG File Processing Stats

File Path                                    PID    Runtime      # DAGs    # Errors  Last Runtime    Last Run
-------------------------------------------  -----  ---------  --------  ----------  --------------  -------------------
/opt/airflow/dags/minio_to_snowflake_dag.py                           1           0  0.84s           2025-11-22T20:41:56
================================================================================
[2025-11-22T20:42:31.391+0000] {manager.py:878} INFO - 
================================================================================
DAG File Processing Stats

File Path                                    PID    Runtime      # DAGs    # Errors  Last Runtime    Last Run
-------------------------------------------  -----  ---------  --------  ----------  --------------  -------------------
/opt/airflow/dags/minio_to_snowflake_dag.py                           1           0  1.21s           2025-11-22T20:42:27
================================================================================
[2025-11-22T20:43:02.517+0000] {manager.py:878} INFO - 
================================================================================
DAG File Processing Stats

File Path                                    PID    Runtime      # DAGs    # Errors  Last Runtime    Last Run
-------------------------------------------  -----  ---------  --------  ----------  --------------  -------------------
/opt/airflow/dags/minio_to_snowflake_dag.py                           1           0  1.19s           2025-11-22T20:42:59
================================================================================
[2025-11-22T20:43:33.496+0000] {manager.py:878} INFO - 
================================================================================
DAG File Processing Stats

File Path                                    PID    Runtime      # DAGs    # Errors  Last Runtime    Last Run
-------------------------------------------  -----  ---------  --------  ----------  --------------  -------------------
/opt/airflow/dags/minio_to_snowflake_dag.py                           1           0  0.78s           2025-11-22T20:43:31
================================================================================
[2025-11-22T20:44:04.394+0000] {manager.py:878} INFO - 
================================================================================
DAG File Processing Stats

File Path                                    PID    Runtime      # DAGs    # Errors  Last Runtime    Last Run
-------------------------------------------  -----  ---------  --------  ----------  --------------  -------------------
/opt/airflow/dags/minio_to_snowflake_dag.py                           1           0  1.47s           2025-11-22T20:44:02
================================================================================
[2025-11-22T20:44:35.322+0000] {manager.py:878} INFO - 
================================================================================
DAG File Processing Stats

File Path                                    PID    Runtime      # DAGs    # Errors  Last Runtime    Last Run
-------------------------------------------  -----  ---------  --------  ----------  --------------  -------------------
/opt/airflow/dags/minio_to_snowflake_dag.py                           1           0  0.86s           2025-11-22T20:44:33
================================================================================
[2025-11-22T20:45:06.190+0000] {manager.py:878} INFO - 
================================================================================
DAG File Processing Stats

File Path                                    PID    Runtime      # DAGs    # Errors  Last Runtime    Last Run
-------------------------------------------  -----  ---------  --------  ----------  --------------  -------------------
/opt/airflow/dags/minio_to_snowflake_dag.py                           1           0  1.85s           2025-11-22T20:45:06
================================================================================
[2025-11-22T20:45:37.105+0000] {manager.py:878} INFO - 
================================================================================
DAG File Processing Stats

File Path                                      PID  Runtime      # DAGs    # Errors  Last Runtime    Last Run
-------------------------------------------  -----  ---------  --------  ----------  --------------  -------------------
/opt/airflow/dags/minio_to_snowflake_dag.py   2688  0.57s             1           0  1.85s           2025-11-22T20:45:06
================================================================================
[2025-11-22T20:46:08.095+0000] {manager.py:878} INFO - 
================================================================================
DAG File Processing Stats

File Path                                      PID  Runtime      # DAGs    # Errors  Last Runtime    Last Run
-------------------------------------------  -----  ---------  --------  ----------  --------------  -------------------
/opt/airflow/dags/minio_to_snowflake_dag.py   2732  0.01s             1           0  0.81s           2025-11-22T20:45:37
================================================================================
[2025-11-22T20:46:33.232+0000] {manager.py:737} INFO - Searching for files in /opt/airflow/dags
[2025-11-22T20:46:33.251+0000] {manager.py:740} INFO - There are 1 files in /opt/airflow/dags
[2025-11-22T20:46:39.288+0000] {manager.py:878} INFO - 
================================================================================
DAG File Processing Stats

File Path                                    PID    Runtime      # DAGs    # Errors  Last Runtime    Last Run
-------------------------------------------  -----  ---------  --------  ----------  --------------  -------------------
/opt/airflow/dags/minio_to_snowflake_dag.py                           1           0  1.31s           2025-11-22T20:46:09
================================================================================
[2025-11-22T20:47:09.868+0000] {manager.py:878} INFO - 
================================================================================
DAG File Processing Stats

File Path                                    PID    Runtime      # DAGs    # Errors  Last Runtime    Last Run
-------------------------------------------  -----  ---------  --------  ----------  --------------  -------------------
/opt/airflow/dags/minio_to_snowflake_dag.py                           1           0  1.05s           2025-11-22T20:46:41
================================================================================
