[2025-11-22T20:47:12.047+0000] {local_task_job_runner.py:120} INFO - ::group::Pre task execution logs
[2025-11-22T20:47:12.085+0000] {taskinstance.py:2076} INFO - Dependencies all met for dep_context=non-requeueable deps ti=<TaskInstance: minio_to_snowflake_banking.load_snowflake scheduled__2025-11-22T20:46:00+00:00 [queued]>
[2025-11-22T20:47:12.097+0000] {taskinstance.py:2076} INFO - Dependencies all met for dep_context=requeueable deps ti=<TaskInstance: minio_to_snowflake_banking.load_snowflake scheduled__2025-11-22T20:46:00+00:00 [queued]>
[2025-11-22T20:47:12.098+0000] {taskinstance.py:2306} INFO - Starting attempt 1 of 2
[2025-11-22T20:47:12.141+0000] {taskinstance.py:2330} INFO - Executing <Task(PythonOperator): load_snowflake> on 2025-11-22 20:46:00+00:00
[2025-11-22T20:47:12.152+0000] {standard_task_runner.py:90} INFO - Running: ['***', 'tasks', 'run', 'minio_to_snowflake_banking', 'load_snowflake', 'scheduled__2025-11-22T20:46:00+00:00', '--job-id', '47', '--raw', '--subdir', 'DAGS_FOLDER/minio_to_snowflake_dag.py', '--cfg-path', '/tmp/tmpbvfju799']
[2025-11-22T20:47:12.156+0000] {standard_task_runner.py:91} INFO - Job 47: Subtask load_snowflake
[2025-11-22T20:47:12.159+0000] {logging_mixin.py:188} WARNING - /home/***/.local/lib/python3.12/site-packages/***/task/task_runner/standard_task_runner.py:62 DeprecationWarning: This process (pid=2946) is multi-threaded, use of fork() may lead to deadlocks in the child.
[2025-11-22T20:47:12.160+0000] {standard_task_runner.py:64} INFO - Started process 2959 to run task
[2025-11-22T20:47:12.241+0000] {task_command.py:426} INFO - Running <TaskInstance: minio_to_snowflake_banking.load_snowflake scheduled__2025-11-22T20:46:00+00:00 [running]> on host ee2f5a032ee8
[2025-11-22T20:47:12.391+0000] {taskinstance.py:2648} INFO - Exporting env vars: AIRFLOW_CTX_DAG_OWNER='***' AIRFLOW_CTX_DAG_ID='minio_to_snowflake_banking' AIRFLOW_CTX_TASK_ID='load_snowflake' AIRFLOW_CTX_EXECUTION_DATE='2025-11-22T20:46:00+00:00' AIRFLOW_CTX_TRY_NUMBER='1' AIRFLOW_CTX_DAG_RUN_ID='scheduled__2025-11-22T20:46:00+00:00'
[2025-11-22T20:47:12.393+0000] {taskinstance.py:430} INFO - ::endgroup::
[2025-11-22T20:47:12.431+0000] {connection.py:521} INFO - Snowflake Connector for Python Version: 3.18.0, Python Version: 3.12.4, Platform: Linux-5.15.167.4-microsoft-standard-WSL2-x86_64-with-glibc2.36
[2025-11-22T20:47:12.433+0000] {connection.py:1464} INFO - Connecting to GLOBAL Snowflake domain
[2025-11-22T20:47:15.617+0000] {logging_mixin.py:188} INFO - Uploaded /tmp/minio_downloads/customers_010236872530.parquet -> @customers stage
[2025-11-22T20:47:16.076+0000] {logging_mixin.py:188} INFO - Uploaded /tmp/minio_downloads/customers_010236941250.parquet -> @customers stage
[2025-11-22T20:47:16.560+0000] {logging_mixin.py:188} INFO - Uploaded /tmp/minio_downloads/customers_010237005379.parquet -> @customers stage
[2025-11-22T20:47:17.010+0000] {logging_mixin.py:188} INFO - Uploaded /tmp/minio_downloads/customers_010237102508.parquet -> @customers stage
[2025-11-22T20:47:17.615+0000] {logging_mixin.py:188} INFO - Uploaded /tmp/minio_downloads/customers_010237175312.parquet -> @customers stage
[2025-11-22T20:47:18.169+0000] {logging_mixin.py:188} INFO - Data loaded into customers
[2025-11-22T20:47:18.895+0000] {logging_mixin.py:188} INFO - Uploaded /tmp/minio_downloads/accounts_010236086592.parquet -> @accounts stage
[2025-11-22T20:47:19.314+0000] {logging_mixin.py:188} INFO - Uploaded /tmp/minio_downloads/accounts_010236157723.parquet -> @accounts stage
[2025-11-22T20:47:19.733+0000] {logging_mixin.py:188} INFO - Uploaded /tmp/minio_downloads/accounts_010236227698.parquet -> @accounts stage
[2025-11-22T20:47:20.563+0000] {logging_mixin.py:188} INFO - Uploaded /tmp/minio_downloads/accounts_010236608759.parquet -> @accounts stage
[2025-11-22T20:47:21.116+0000] {logging_mixin.py:188} INFO - Uploaded /tmp/minio_downloads/accounts_010236696069.parquet -> @accounts stage
[2025-11-22T20:47:21.561+0000] {logging_mixin.py:188} INFO - Uploaded /tmp/minio_downloads/accounts_010236795593.parquet -> @accounts stage
[2025-11-22T20:47:22.048+0000] {logging_mixin.py:188} INFO - Uploaded /tmp/minio_downloads/accounts_010238283600.parquet -> @accounts stage
[2025-11-22T20:47:22.515+0000] {logging_mixin.py:188} INFO - Uploaded /tmp/minio_downloads/accounts_010238341752.parquet -> @accounts stage
[2025-11-22T20:47:22.936+0000] {logging_mixin.py:188} INFO - Uploaded /tmp/minio_downloads/accounts_010238404019.parquet -> @accounts stage
[2025-11-22T20:47:23.390+0000] {logging_mixin.py:188} INFO - Uploaded /tmp/minio_downloads/accounts_010238479909.parquet -> @accounts stage
[2025-11-22T20:47:23.782+0000] {logging_mixin.py:188} INFO - Data loaded into accounts
[2025-11-22T20:47:24.242+0000] {logging_mixin.py:188} INFO - Uploaded /tmp/minio_downloads/transactions_010235633458.parquet -> @transactions stage
[2025-11-22T20:47:24.710+0000] {logging_mixin.py:188} INFO - Uploaded /tmp/minio_downloads/transactions_010235708399.parquet -> @transactions stage
[2025-11-22T20:47:25.199+0000] {logging_mixin.py:188} INFO - Uploaded /tmp/minio_downloads/transactions_010235782839.parquet -> @transactions stage
[2025-11-22T20:47:25.657+0000] {logging_mixin.py:188} INFO - Uploaded /tmp/minio_downloads/transactions_010235853845.parquet -> @transactions stage
[2025-11-22T20:47:26.119+0000] {logging_mixin.py:188} INFO - Uploaded /tmp/minio_downloads/transactions_010235932092.parquet -> @transactions stage
[2025-11-22T20:47:26.593+0000] {logging_mixin.py:188} INFO - Uploaded /tmp/minio_downloads/transactions_010236012083.parquet -> @transactions stage
[2025-11-22T20:47:27.030+0000] {logging_mixin.py:188} INFO - Uploaded /tmp/minio_downloads/transactions_010237499928.parquet -> @transactions stage
[2025-11-22T20:47:27.438+0000] {logging_mixin.py:188} INFO - Uploaded /tmp/minio_downloads/transactions_010237571847.parquet -> @transactions stage
[2025-11-22T20:47:27.853+0000] {logging_mixin.py:188} INFO - Uploaded /tmp/minio_downloads/transactions_010237638818.parquet -> @transactions stage
[2025-11-22T20:47:28.275+0000] {logging_mixin.py:188} INFO - Uploaded /tmp/minio_downloads/transactions_010237719107.parquet -> @transactions stage
[2025-11-22T20:47:28.643+0000] {logging_mixin.py:188} INFO - Uploaded /tmp/minio_downloads/transactions_010237785772.parquet -> @transactions stage
[2025-11-22T20:47:29.052+0000] {logging_mixin.py:188} INFO - Uploaded /tmp/minio_downloads/transactions_010237968067.parquet -> @transactions stage
[2025-11-22T20:47:29.513+0000] {logging_mixin.py:188} INFO - Uploaded /tmp/minio_downloads/transactions_010238821190.parquet -> @transactions stage
[2025-11-22T20:47:29.970+0000] {logging_mixin.py:188} INFO - Uploaded /tmp/minio_downloads/transactions_010238886740.parquet -> @transactions stage
[2025-11-22T20:47:30.445+0000] {logging_mixin.py:188} INFO - Uploaded /tmp/minio_downloads/transactions_010238966165.parquet -> @transactions stage
[2025-11-22T20:47:30.881+0000] {logging_mixin.py:188} INFO - Uploaded /tmp/minio_downloads/transactions_010239032014.parquet -> @transactions stage
[2025-11-22T20:47:31.379+0000] {logging_mixin.py:188} INFO - Uploaded /tmp/minio_downloads/transactions_010239101948.parquet -> @transactions stage
[2025-11-22T20:47:31.844+0000] {logging_mixin.py:188} INFO - Uploaded /tmp/minio_downloads/transactions_010239171351.parquet -> @transactions stage
[2025-11-22T20:47:32.341+0000] {logging_mixin.py:188} INFO - Uploaded /tmp/minio_downloads/transactions_010239277724.parquet -> @transactions stage
[2025-11-22T20:47:32.854+0000] {logging_mixin.py:188} INFO - Uploaded /tmp/minio_downloads/transactions_010239600964.parquet -> @transactions stage
[2025-11-22T20:47:33.355+0000] {logging_mixin.py:188} INFO - Uploaded /tmp/minio_downloads/transactions_010239667857.parquet -> @transactions stage
[2025-11-22T20:47:33.833+0000] {logging_mixin.py:188} INFO - Uploaded /tmp/minio_downloads/transactions_010239741648.parquet -> @transactions stage
[2025-11-22T20:47:34.299+0000] {logging_mixin.py:188} INFO - Uploaded /tmp/minio_downloads/transactions_010239827606.parquet -> @transactions stage
[2025-11-22T20:47:34.774+0000] {logging_mixin.py:188} INFO - Uploaded /tmp/minio_downloads/transactions_010239891965.parquet -> @transactions stage
[2025-11-22T20:47:35.265+0000] {logging_mixin.py:188} INFO - Uploaded /tmp/minio_downloads/transactions_010239965932.parquet -> @transactions stage
[2025-11-22T20:47:35.737+0000] {logging_mixin.py:188} INFO - Uploaded /tmp/minio_downloads/transactions_010240107756.parquet -> @transactions stage
[2025-11-22T20:47:36.282+0000] {logging_mixin.py:188} INFO - Uploaded /tmp/minio_downloads/transactions_010240179570.parquet -> @transactions stage
[2025-11-22T20:47:36.971+0000] {logging_mixin.py:188} INFO - Data loaded into transactions
[2025-11-22T20:47:37.233+0000] {python.py:237} INFO - Done. Returned value was: None
[2025-11-22T20:47:37.234+0000] {taskinstance.py:441} INFO - ::group::Post task execution logs
[2025-11-22T20:47:37.247+0000] {taskinstance.py:1206} INFO - Marking task as SUCCESS. dag_id=minio_to_snowflake_banking, task_id=load_snowflake, run_id=scheduled__2025-11-22T20:46:00+00:00, execution_date=20251122T204600, start_date=20251122T204712, end_date=20251122T204737
[2025-11-22T20:47:37.306+0000] {local_task_job_runner.py:243} INFO - Task exited with return code 0
[2025-11-22T20:47:37.325+0000] {taskinstance.py:3503} INFO - 0 downstream tasks scheduled from follow-on schedule check
[2025-11-22T20:47:37.333+0000] {local_task_job_runner.py:222} INFO - ::endgroup::
