[2025-11-22T20:48:05.358+0000] {local_task_job_runner.py:120} INFO - ::group::Pre task execution logs
[2025-11-22T20:48:05.392+0000] {taskinstance.py:2076} INFO - Dependencies all met for dep_context=non-requeueable deps ti=<TaskInstance: minio_to_snowflake_banking.download_minio scheduled__2025-11-22T20:47:00+00:00 [queued]>
[2025-11-22T20:48:05.399+0000] {taskinstance.py:2076} INFO - Dependencies all met for dep_context=requeueable deps ti=<TaskInstance: minio_to_snowflake_banking.download_minio scheduled__2025-11-22T20:47:00+00:00 [queued]>
[2025-11-22T20:48:05.400+0000] {taskinstance.py:2306} INFO - Starting attempt 1 of 2
[2025-11-22T20:48:05.430+0000] {taskinstance.py:2330} INFO - Executing <Task(PythonOperator): download_minio> on 2025-11-22 20:47:00+00:00
[2025-11-22T20:48:05.438+0000] {standard_task_runner.py:90} INFO - Running: ['***', 'tasks', 'run', 'minio_to_snowflake_banking', 'download_minio', 'scheduled__2025-11-22T20:47:00+00:00', '--job-id', '48', '--raw', '--subdir', 'DAGS_FOLDER/minio_to_snowflake_dag.py', '--cfg-path', '/tmp/tmprgit8m7f']
[2025-11-22T20:48:05.441+0000] {standard_task_runner.py:91} INFO - Job 48: Subtask download_minio
[2025-11-22T20:48:05.442+0000] {logging_mixin.py:188} WARNING - /home/***/.local/lib/python3.12/site-packages/***/task/task_runner/standard_task_runner.py:62 DeprecationWarning: This process (pid=3011) is multi-threaded, use of fork() may lead to deadlocks in the child.
[2025-11-22T20:48:05.443+0000] {standard_task_runner.py:64} INFO - Started process 3021 to run task
[2025-11-22T20:48:05.559+0000] {task_command.py:426} INFO - Running <TaskInstance: minio_to_snowflake_banking.download_minio scheduled__2025-11-22T20:47:00+00:00 [running]> on host ee2f5a032ee8
[2025-11-22T20:48:05.720+0000] {taskinstance.py:2648} INFO - Exporting env vars: AIRFLOW_CTX_DAG_OWNER='***' AIRFLOW_CTX_DAG_ID='minio_to_snowflake_banking' AIRFLOW_CTX_TASK_ID='download_minio' AIRFLOW_CTX_EXECUTION_DATE='2025-11-22T20:47:00+00:00' AIRFLOW_CTX_TRY_NUMBER='1' AIRFLOW_CTX_DAG_RUN_ID='scheduled__2025-11-22T20:47:00+00:00'
[2025-11-22T20:48:05.721+0000] {taskinstance.py:430} INFO - ::endgroup::
[2025-11-22T20:48:06.050+0000] {logging_mixin.py:188} INFO - Downloaded customers/date=2025-11-23/customers_010236872530.parquet -> /tmp/minio_downloads/customers_010236872530.parquet
[2025-11-22T20:48:06.066+0000] {logging_mixin.py:188} INFO - Downloaded customers/date=2025-11-23/customers_010236941250.parquet -> /tmp/minio_downloads/customers_010236941250.parquet
[2025-11-22T20:48:06.081+0000] {logging_mixin.py:188} INFO - Downloaded customers/date=2025-11-23/customers_010237005379.parquet -> /tmp/minio_downloads/customers_010237005379.parquet
[2025-11-22T20:48:06.095+0000] {logging_mixin.py:188} INFO - Downloaded customers/date=2025-11-23/customers_010237102508.parquet -> /tmp/minio_downloads/customers_010237102508.parquet
[2025-11-22T20:48:06.116+0000] {logging_mixin.py:188} INFO - Downloaded customers/date=2025-11-23/customers_010237175312.parquet -> /tmp/minio_downloads/customers_010237175312.parquet
[2025-11-22T20:48:06.176+0000] {logging_mixin.py:188} INFO - Downloaded accounts/date=2025-11-23/accounts_010236086592.parquet -> /tmp/minio_downloads/accounts_010236086592.parquet
[2025-11-22T20:48:06.191+0000] {logging_mixin.py:188} INFO - Downloaded accounts/date=2025-11-23/accounts_010236157723.parquet -> /tmp/minio_downloads/accounts_010236157723.parquet
[2025-11-22T20:48:06.205+0000] {logging_mixin.py:188} INFO - Downloaded accounts/date=2025-11-23/accounts_010236227698.parquet -> /tmp/minio_downloads/accounts_010236227698.parquet
[2025-11-22T20:48:06.221+0000] {logging_mixin.py:188} INFO - Downloaded accounts/date=2025-11-23/accounts_010236608759.parquet -> /tmp/minio_downloads/accounts_010236608759.parquet
[2025-11-22T20:48:06.239+0000] {logging_mixin.py:188} INFO - Downloaded accounts/date=2025-11-23/accounts_010236696069.parquet -> /tmp/minio_downloads/accounts_010236696069.parquet
[2025-11-22T20:48:06.257+0000] {logging_mixin.py:188} INFO - Downloaded accounts/date=2025-11-23/accounts_010236795593.parquet -> /tmp/minio_downloads/accounts_010236795593.parquet
[2025-11-22T20:48:06.274+0000] {logging_mixin.py:188} INFO - Downloaded accounts/date=2025-11-23/accounts_010238283600.parquet -> /tmp/minio_downloads/accounts_010238283600.parquet
[2025-11-22T20:48:06.290+0000] {logging_mixin.py:188} INFO - Downloaded accounts/date=2025-11-23/accounts_010238341752.parquet -> /tmp/minio_downloads/accounts_010238341752.parquet
[2025-11-22T20:48:06.304+0000] {logging_mixin.py:188} INFO - Downloaded accounts/date=2025-11-23/accounts_010238404019.parquet -> /tmp/minio_downloads/accounts_010238404019.parquet
[2025-11-22T20:48:06.319+0000] {logging_mixin.py:188} INFO - Downloaded accounts/date=2025-11-23/accounts_010238479909.parquet -> /tmp/minio_downloads/accounts_010238479909.parquet
[2025-11-22T20:48:06.422+0000] {logging_mixin.py:188} INFO - Downloaded transactions/date=2025-11-23/transactions_010235633458.parquet -> /tmp/minio_downloads/transactions_010235633458.parquet
[2025-11-22T20:48:06.438+0000] {logging_mixin.py:188} INFO - Downloaded transactions/date=2025-11-23/transactions_010235708399.parquet -> /tmp/minio_downloads/transactions_010235708399.parquet
[2025-11-22T20:48:06.454+0000] {logging_mixin.py:188} INFO - Downloaded transactions/date=2025-11-23/transactions_010235782839.parquet -> /tmp/minio_downloads/transactions_010235782839.parquet
[2025-11-22T20:48:06.468+0000] {logging_mixin.py:188} INFO - Downloaded transactions/date=2025-11-23/transactions_010235853845.parquet -> /tmp/minio_downloads/transactions_010235853845.parquet
[2025-11-22T20:48:06.484+0000] {logging_mixin.py:188} INFO - Downloaded transactions/date=2025-11-23/transactions_010235932092.parquet -> /tmp/minio_downloads/transactions_010235932092.parquet
[2025-11-22T20:48:06.500+0000] {logging_mixin.py:188} INFO - Downloaded transactions/date=2025-11-23/transactions_010236012083.parquet -> /tmp/minio_downloads/transactions_010236012083.parquet
[2025-11-22T20:48:06.514+0000] {logging_mixin.py:188} INFO - Downloaded transactions/date=2025-11-23/transactions_010237499928.parquet -> /tmp/minio_downloads/transactions_010237499928.parquet
[2025-11-22T20:48:06.529+0000] {logging_mixin.py:188} INFO - Downloaded transactions/date=2025-11-23/transactions_010237571847.parquet -> /tmp/minio_downloads/transactions_010237571847.parquet
[2025-11-22T20:48:06.543+0000] {logging_mixin.py:188} INFO - Downloaded transactions/date=2025-11-23/transactions_010237638818.parquet -> /tmp/minio_downloads/transactions_010237638818.parquet
[2025-11-22T20:48:06.560+0000] {logging_mixin.py:188} INFO - Downloaded transactions/date=2025-11-23/transactions_010237719107.parquet -> /tmp/minio_downloads/transactions_010237719107.parquet
[2025-11-22T20:48:06.574+0000] {logging_mixin.py:188} INFO - Downloaded transactions/date=2025-11-23/transactions_010237785772.parquet -> /tmp/minio_downloads/transactions_010237785772.parquet
[2025-11-22T20:48:06.589+0000] {logging_mixin.py:188} INFO - Downloaded transactions/date=2025-11-23/transactions_010237968067.parquet -> /tmp/minio_downloads/transactions_010237968067.parquet
[2025-11-22T20:48:06.604+0000] {logging_mixin.py:188} INFO - Downloaded transactions/date=2025-11-23/transactions_010238821190.parquet -> /tmp/minio_downloads/transactions_010238821190.parquet
[2025-11-22T20:48:06.617+0000] {logging_mixin.py:188} INFO - Downloaded transactions/date=2025-11-23/transactions_010238886740.parquet -> /tmp/minio_downloads/transactions_010238886740.parquet
[2025-11-22T20:48:06.632+0000] {logging_mixin.py:188} INFO - Downloaded transactions/date=2025-11-23/transactions_010238966165.parquet -> /tmp/minio_downloads/transactions_010238966165.parquet
[2025-11-22T20:48:06.646+0000] {logging_mixin.py:188} INFO - Downloaded transactions/date=2025-11-23/transactions_010239032014.parquet -> /tmp/minio_downloads/transactions_010239032014.parquet
[2025-11-22T20:48:06.660+0000] {logging_mixin.py:188} INFO - Downloaded transactions/date=2025-11-23/transactions_010239101948.parquet -> /tmp/minio_downloads/transactions_010239101948.parquet
[2025-11-22T20:48:06.674+0000] {logging_mixin.py:188} INFO - Downloaded transactions/date=2025-11-23/transactions_010239171351.parquet -> /tmp/minio_downloads/transactions_010239171351.parquet
[2025-11-22T20:48:06.687+0000] {logging_mixin.py:188} INFO - Downloaded transactions/date=2025-11-23/transactions_010239277724.parquet -> /tmp/minio_downloads/transactions_010239277724.parquet
[2025-11-22T20:48:06.701+0000] {logging_mixin.py:188} INFO - Downloaded transactions/date=2025-11-23/transactions_010239600964.parquet -> /tmp/minio_downloads/transactions_010239600964.parquet
[2025-11-22T20:48:06.714+0000] {logging_mixin.py:188} INFO - Downloaded transactions/date=2025-11-23/transactions_010239667857.parquet -> /tmp/minio_downloads/transactions_010239667857.parquet
[2025-11-22T20:48:06.727+0000] {logging_mixin.py:188} INFO - Downloaded transactions/date=2025-11-23/transactions_010239741648.parquet -> /tmp/minio_downloads/transactions_010239741648.parquet
[2025-11-22T20:48:06.740+0000] {logging_mixin.py:188} INFO - Downloaded transactions/date=2025-11-23/transactions_010239827606.parquet -> /tmp/minio_downloads/transactions_010239827606.parquet
[2025-11-22T20:48:06.754+0000] {logging_mixin.py:188} INFO - Downloaded transactions/date=2025-11-23/transactions_010239891965.parquet -> /tmp/minio_downloads/transactions_010239891965.parquet
[2025-11-22T20:48:06.769+0000] {logging_mixin.py:188} INFO - Downloaded transactions/date=2025-11-23/transactions_010239965932.parquet -> /tmp/minio_downloads/transactions_010239965932.parquet
[2025-11-22T20:48:06.784+0000] {logging_mixin.py:188} INFO - Downloaded transactions/date=2025-11-23/transactions_010240107756.parquet -> /tmp/minio_downloads/transactions_010240107756.parquet
[2025-11-22T20:48:06.798+0000] {logging_mixin.py:188} INFO - Downloaded transactions/date=2025-11-23/transactions_010240179570.parquet -> /tmp/minio_downloads/transactions_010240179570.parquet
[2025-11-22T20:48:06.799+0000] {python.py:237} INFO - Done. Returned value was: {'customers': ['/tmp/minio_downloads/customers_010236872530.parquet', '/tmp/minio_downloads/customers_010236941250.parquet', '/tmp/minio_downloads/customers_010237005379.parquet', '/tmp/minio_downloads/customers_010237102508.parquet', '/tmp/minio_downloads/customers_010237175312.parquet'], 'accounts': ['/tmp/minio_downloads/accounts_010236086592.parquet', '/tmp/minio_downloads/accounts_010236157723.parquet', '/tmp/minio_downloads/accounts_010236227698.parquet', '/tmp/minio_downloads/accounts_010236608759.parquet', '/tmp/minio_downloads/accounts_010236696069.parquet', '/tmp/minio_downloads/accounts_010236795593.parquet', '/tmp/minio_downloads/accounts_010238283600.parquet', '/tmp/minio_downloads/accounts_010238341752.parquet', '/tmp/minio_downloads/accounts_010238404019.parquet', '/tmp/minio_downloads/accounts_010238479909.parquet'], 'transactions': ['/tmp/minio_downloads/transactions_010235633458.parquet', '/tmp/minio_downloads/transactions_010235708399.parquet', '/tmp/minio_downloads/transactions_010235782839.parquet', '/tmp/minio_downloads/transactions_010235853845.parquet', '/tmp/minio_downloads/transactions_010235932092.parquet', '/tmp/minio_downloads/transactions_010236012083.parquet', '/tmp/minio_downloads/transactions_010237499928.parquet', '/tmp/minio_downloads/transactions_010237571847.parquet', '/tmp/minio_downloads/transactions_010237638818.parquet', '/tmp/minio_downloads/transactions_010237719107.parquet', '/tmp/minio_downloads/transactions_010237785772.parquet', '/tmp/minio_downloads/transactions_010237968067.parquet', '/tmp/minio_downloads/transactions_010238821190.parquet', '/tmp/minio_downloads/transactions_010238886740.parquet', '/tmp/minio_downloads/transactions_010238966165.parquet', '/tmp/minio_downloads/transactions_010239032014.parquet', '/tmp/minio_downloads/transactions_010239101948.parquet', '/tmp/minio_downloads/transactions_010239171351.parquet', '/tmp/minio_downloads/transactions_010239277724.parquet', '/tmp/minio_downloads/transactions_010239600964.parquet', '/tmp/minio_downloads/transactions_010239667857.parquet', '/tmp/minio_downloads/transactions_010239741648.parquet', '/tmp/minio_downloads/transactions_010239827606.parquet', '/tmp/minio_downloads/transactions_010239891965.parquet', '/tmp/minio_downloads/transactions_010239965932.parquet', '/tmp/minio_downloads/transactions_010240107756.parquet', '/tmp/minio_downloads/transactions_010240179570.parquet']}
[2025-11-22T20:48:06.799+0000] {taskinstance.py:441} INFO - ::group::Post task execution logs
[2025-11-22T20:48:06.838+0000] {taskinstance.py:1206} INFO - Marking task as SUCCESS. dag_id=minio_to_snowflake_banking, task_id=download_minio, run_id=scheduled__2025-11-22T20:47:00+00:00, execution_date=20251122T204700, start_date=20251122T204805, end_date=20251122T204806
