[2025-11-22T20:41:28.177+0000] {local_task_job_runner.py:120} INFO - ::group::Pre task execution logs
[2025-11-22T20:41:28.259+0000] {taskinstance.py:2076} INFO - Dependencies all met for dep_context=non-requeueable deps ti=<TaskInstance: minio_to_snowflake_banking.load_snowflake scheduled__2025-11-22T20:40:00+00:00 [queued]>
[2025-11-22T20:41:28.281+0000] {taskinstance.py:2076} INFO - Dependencies all met for dep_context=requeueable deps ti=<TaskInstance: minio_to_snowflake_banking.load_snowflake scheduled__2025-11-22T20:40:00+00:00 [queued]>
[2025-11-22T20:41:28.283+0000] {taskinstance.py:2306} INFO - Starting attempt 1 of 2
[2025-11-22T20:41:28.319+0000] {taskinstance.py:2330} INFO - Executing <Task(PythonOperator): load_snowflake> on 2025-11-22 20:40:00+00:00
[2025-11-22T20:41:28.337+0000] {standard_task_runner.py:90} INFO - Running: ['***', 'tasks', 'run', 'minio_to_snowflake_banking', 'load_snowflake', 'scheduled__2025-11-22T20:40:00+00:00', '--job-id', '35', '--raw', '--subdir', 'DAGS_FOLDER/minio_to_snowflake_dag.py', '--cfg-path', '/tmp/tmpf2s7_6m8']
[2025-11-22T20:41:28.345+0000] {standard_task_runner.py:91} INFO - Job 35: Subtask load_snowflake
[2025-11-22T20:41:28.353+0000] {logging_mixin.py:188} WARNING - /home/***/.local/lib/python3.12/site-packages/***/task/task_runner/standard_task_runner.py:62 DeprecationWarning: This process (pid=1991) is multi-threaded, use of fork() may lead to deadlocks in the child.
[2025-11-22T20:41:28.355+0000] {standard_task_runner.py:64} INFO - Started process 2004 to run task
[2025-11-22T20:41:28.501+0000] {task_command.py:426} INFO - Running <TaskInstance: minio_to_snowflake_banking.load_snowflake scheduled__2025-11-22T20:40:00+00:00 [running]> on host ee2f5a032ee8
[2025-11-22T20:41:28.764+0000] {taskinstance.py:2648} INFO - Exporting env vars: AIRFLOW_CTX_DAG_OWNER='***' AIRFLOW_CTX_DAG_ID='minio_to_snowflake_banking' AIRFLOW_CTX_TASK_ID='load_snowflake' AIRFLOW_CTX_EXECUTION_DATE='2025-11-22T20:40:00+00:00' AIRFLOW_CTX_TRY_NUMBER='1' AIRFLOW_CTX_DAG_RUN_ID='scheduled__2025-11-22T20:40:00+00:00'
[2025-11-22T20:41:28.767+0000] {taskinstance.py:430} INFO - ::endgroup::
[2025-11-22T20:41:28.831+0000] {connection.py:521} INFO - Snowflake Connector for Python Version: 3.18.0, Python Version: 3.12.4, Platform: Linux-5.15.167.4-microsoft-standard-WSL2-x86_64-with-glibc2.36
[2025-11-22T20:41:28.834+0000] {connection.py:1464} INFO - Connecting to GLOBAL Snowflake domain
[2025-11-22T20:41:32.066+0000] {logging_mixin.py:188} INFO - Uploaded /tmp/minio_downloads/customers_010236872530.parquet -> @customers stage
[2025-11-22T20:41:32.587+0000] {logging_mixin.py:188} INFO - Uploaded /tmp/minio_downloads/customers_010236941250.parquet -> @customers stage
[2025-11-22T20:41:33.056+0000] {logging_mixin.py:188} INFO - Uploaded /tmp/minio_downloads/customers_010237005379.parquet -> @customers stage
[2025-11-22T20:41:33.502+0000] {logging_mixin.py:188} INFO - Uploaded /tmp/minio_downloads/customers_010237102508.parquet -> @customers stage
[2025-11-22T20:41:34.036+0000] {logging_mixin.py:188} INFO - Uploaded /tmp/minio_downloads/customers_010237175312.parquet -> @customers stage
[2025-11-22T20:41:34.411+0000] {logging_mixin.py:188} INFO - Data loaded into customers
[2025-11-22T20:41:34.935+0000] {logging_mixin.py:188} INFO - Uploaded /tmp/minio_downloads/accounts_010236086592.parquet -> @accounts stage
[2025-11-22T20:41:35.442+0000] {logging_mixin.py:188} INFO - Uploaded /tmp/minio_downloads/accounts_010236157723.parquet -> @accounts stage
[2025-11-22T20:41:35.921+0000] {logging_mixin.py:188} INFO - Uploaded /tmp/minio_downloads/accounts_010236227698.parquet -> @accounts stage
[2025-11-22T20:41:36.522+0000] {logging_mixin.py:188} INFO - Uploaded /tmp/minio_downloads/accounts_010236608759.parquet -> @accounts stage
[2025-11-22T20:41:36.999+0000] {logging_mixin.py:188} INFO - Uploaded /tmp/minio_downloads/accounts_010236696069.parquet -> @accounts stage
[2025-11-22T20:41:37.385+0000] {logging_mixin.py:188} INFO - Uploaded /tmp/minio_downloads/accounts_010236795593.parquet -> @accounts stage
[2025-11-22T20:41:37.771+0000] {logging_mixin.py:188} INFO - Uploaded /tmp/minio_downloads/accounts_010238283600.parquet -> @accounts stage
[2025-11-22T20:41:38.230+0000] {logging_mixin.py:188} INFO - Uploaded /tmp/minio_downloads/accounts_010238341752.parquet -> @accounts stage
[2025-11-22T20:41:38.735+0000] {logging_mixin.py:188} INFO - Uploaded /tmp/minio_downloads/accounts_010238404019.parquet -> @accounts stage
[2025-11-22T20:41:39.154+0000] {logging_mixin.py:188} INFO - Uploaded /tmp/minio_downloads/accounts_010238479909.parquet -> @accounts stage
[2025-11-22T20:41:39.544+0000] {logging_mixin.py:188} INFO - Data loaded into accounts
[2025-11-22T20:41:39.998+0000] {logging_mixin.py:188} INFO - Uploaded /tmp/minio_downloads/transactions_010235633458.parquet -> @transactions stage
[2025-11-22T20:41:40.420+0000] {logging_mixin.py:188} INFO - Uploaded /tmp/minio_downloads/transactions_010235708399.parquet -> @transactions stage
[2025-11-22T20:41:40.823+0000] {logging_mixin.py:188} INFO - Uploaded /tmp/minio_downloads/transactions_010235782839.parquet -> @transactions stage
[2025-11-22T20:41:41.216+0000] {logging_mixin.py:188} INFO - Uploaded /tmp/minio_downloads/transactions_010235853845.parquet -> @transactions stage
[2025-11-22T20:41:41.597+0000] {logging_mixin.py:188} INFO - Uploaded /tmp/minio_downloads/transactions_010235932092.parquet -> @transactions stage
[2025-11-22T20:41:41.998+0000] {logging_mixin.py:188} INFO - Uploaded /tmp/minio_downloads/transactions_010236012083.parquet -> @transactions stage
[2025-11-22T20:41:42.709+0000] {logging_mixin.py:188} INFO - Uploaded /tmp/minio_downloads/transactions_010237499928.parquet -> @transactions stage
[2025-11-22T20:41:43.533+0000] {logging_mixin.py:188} INFO - Uploaded /tmp/minio_downloads/transactions_010237571847.parquet -> @transactions stage
[2025-11-22T20:41:43.929+0000] {logging_mixin.py:188} INFO - Uploaded /tmp/minio_downloads/transactions_010237638818.parquet -> @transactions stage
[2025-11-22T20:41:44.320+0000] {logging_mixin.py:188} INFO - Uploaded /tmp/minio_downloads/transactions_010237719107.parquet -> @transactions stage
[2025-11-22T20:41:44.745+0000] {logging_mixin.py:188} INFO - Uploaded /tmp/minio_downloads/transactions_010237785772.parquet -> @transactions stage
[2025-11-22T20:41:45.167+0000] {logging_mixin.py:188} INFO - Uploaded /tmp/minio_downloads/transactions_010237968067.parquet -> @transactions stage
[2025-11-22T20:41:45.563+0000] {logging_mixin.py:188} INFO - Uploaded /tmp/minio_downloads/transactions_010238821190.parquet -> @transactions stage
[2025-11-22T20:41:46.030+0000] {logging_mixin.py:188} INFO - Uploaded /tmp/minio_downloads/transactions_010238886740.parquet -> @transactions stage
[2025-11-22T20:41:46.487+0000] {logging_mixin.py:188} INFO - Uploaded /tmp/minio_downloads/transactions_010238966165.parquet -> @transactions stage
[2025-11-22T20:41:47.004+0000] {logging_mixin.py:188} INFO - Uploaded /tmp/minio_downloads/transactions_010239032014.parquet -> @transactions stage
[2025-11-22T20:41:47.458+0000] {logging_mixin.py:188} INFO - Uploaded /tmp/minio_downloads/transactions_010239101948.parquet -> @transactions stage
[2025-11-22T20:41:47.976+0000] {logging_mixin.py:188} INFO - Uploaded /tmp/minio_downloads/transactions_010239171351.parquet -> @transactions stage
[2025-11-22T20:41:48.450+0000] {logging_mixin.py:188} INFO - Uploaded /tmp/minio_downloads/transactions_010239277724.parquet -> @transactions stage
[2025-11-22T20:41:48.912+0000] {logging_mixin.py:188} INFO - Uploaded /tmp/minio_downloads/transactions_010239600964.parquet -> @transactions stage
[2025-11-22T20:41:49.645+0000] {logging_mixin.py:188} INFO - Uploaded /tmp/minio_downloads/transactions_010239667857.parquet -> @transactions stage
[2025-11-22T20:41:50.122+0000] {logging_mixin.py:188} INFO - Uploaded /tmp/minio_downloads/transactions_010239741648.parquet -> @transactions stage
[2025-11-22T20:41:50.583+0000] {logging_mixin.py:188} INFO - Uploaded /tmp/minio_downloads/transactions_010239827606.parquet -> @transactions stage
[2025-11-22T20:41:51.022+0000] {logging_mixin.py:188} INFO - Uploaded /tmp/minio_downloads/transactions_010239891965.parquet -> @transactions stage
[2025-11-22T20:41:51.464+0000] {logging_mixin.py:188} INFO - Uploaded /tmp/minio_downloads/transactions_010239965932.parquet -> @transactions stage
[2025-11-22T20:41:51.919+0000] {logging_mixin.py:188} INFO - Uploaded /tmp/minio_downloads/transactions_010240107756.parquet -> @transactions stage
[2025-11-22T20:41:52.385+0000] {logging_mixin.py:188} INFO - Uploaded /tmp/minio_downloads/transactions_010240179570.parquet -> @transactions stage
[2025-11-22T20:41:52.789+0000] {logging_mixin.py:188} INFO - Data loaded into transactions
[2025-11-22T20:41:53.028+0000] {python.py:237} INFO - Done. Returned value was: None
[2025-11-22T20:41:53.030+0000] {taskinstance.py:441} INFO - ::group::Post task execution logs
[2025-11-22T20:41:53.048+0000] {taskinstance.py:1206} INFO - Marking task as SUCCESS. dag_id=minio_to_snowflake_banking, task_id=load_snowflake, run_id=scheduled__2025-11-22T20:40:00+00:00, execution_date=20251122T204000, start_date=20251122T204128, end_date=20251122T204153
[2025-11-22T20:41:53.119+0000] {local_task_job_runner.py:243} INFO - Task exited with return code 0
[2025-11-22T20:41:53.140+0000] {taskinstance.py:3503} INFO - 0 downstream tasks scheduled from follow-on schedule check
[2025-11-22T20:41:53.148+0000] {local_task_job_runner.py:222} INFO - ::endgroup::
