[2025-11-22T20:48:11.787+0000] {local_task_job_runner.py:120} INFO - ::group::Pre task execution logs
[2025-11-22T20:48:11.826+0000] {taskinstance.py:2076} INFO - Dependencies all met for dep_context=non-requeueable deps ti=<TaskInstance: minio_to_snowflake_banking.load_snowflake scheduled__2025-11-22T20:47:00+00:00 [queued]>
[2025-11-22T20:48:11.837+0000] {taskinstance.py:2076} INFO - Dependencies all met for dep_context=requeueable deps ti=<TaskInstance: minio_to_snowflake_banking.load_snowflake scheduled__2025-11-22T20:47:00+00:00 [queued]>
[2025-11-22T20:48:11.838+0000] {taskinstance.py:2306} INFO - Starting attempt 1 of 2
[2025-11-22T20:48:11.889+0000] {taskinstance.py:2330} INFO - Executing <Task(PythonOperator): load_snowflake> on 2025-11-22 20:47:00+00:00
[2025-11-22T20:48:11.897+0000] {standard_task_runner.py:90} INFO - Running: ['***', 'tasks', 'run', 'minio_to_snowflake_banking', 'load_snowflake', 'scheduled__2025-11-22T20:47:00+00:00', '--job-id', '49', '--raw', '--subdir', 'DAGS_FOLDER/minio_to_snowflake_dag.py', '--cfg-path', '/tmp/tmpzoivt1d5']
[2025-11-22T20:48:11.900+0000] {standard_task_runner.py:91} INFO - Job 49: Subtask load_snowflake
[2025-11-22T20:48:11.902+0000] {logging_mixin.py:188} WARNING - /home/***/.local/lib/python3.12/site-packages/***/task/task_runner/standard_task_runner.py:62 DeprecationWarning: This process (pid=3106) is multi-threaded, use of fork() may lead to deadlocks in the child.
[2025-11-22T20:48:11.903+0000] {standard_task_runner.py:64} INFO - Started process 3116 to run task
[2025-11-22T20:48:11.967+0000] {task_command.py:426} INFO - Running <TaskInstance: minio_to_snowflake_banking.load_snowflake scheduled__2025-11-22T20:47:00+00:00 [running]> on host ee2f5a032ee8
[2025-11-22T20:48:12.112+0000] {taskinstance.py:2648} INFO - Exporting env vars: AIRFLOW_CTX_DAG_OWNER='***' AIRFLOW_CTX_DAG_ID='minio_to_snowflake_banking' AIRFLOW_CTX_TASK_ID='load_snowflake' AIRFLOW_CTX_EXECUTION_DATE='2025-11-22T20:47:00+00:00' AIRFLOW_CTX_TRY_NUMBER='1' AIRFLOW_CTX_DAG_RUN_ID='scheduled__2025-11-22T20:47:00+00:00'
[2025-11-22T20:48:12.114+0000] {taskinstance.py:430} INFO - ::endgroup::
[2025-11-22T20:48:12.141+0000] {connection.py:521} INFO - Snowflake Connector for Python Version: 3.18.0, Python Version: 3.12.4, Platform: Linux-5.15.167.4-microsoft-standard-WSL2-x86_64-with-glibc2.36
[2025-11-22T20:48:12.143+0000] {connection.py:1464} INFO - Connecting to GLOBAL Snowflake domain
[2025-11-22T20:48:14.634+0000] {logging_mixin.py:188} INFO - Uploaded /tmp/minio_downloads/customers_010236872530.parquet -> @customers stage
[2025-11-22T20:48:15.057+0000] {logging_mixin.py:188} INFO - Uploaded /tmp/minio_downloads/customers_010236941250.parquet -> @customers stage
[2025-11-22T20:48:15.462+0000] {logging_mixin.py:188} INFO - Uploaded /tmp/minio_downloads/customers_010237005379.parquet -> @customers stage
[2025-11-22T20:48:15.833+0000] {logging_mixin.py:188} INFO - Uploaded /tmp/minio_downloads/customers_010237102508.parquet -> @customers stage
[2025-11-22T20:48:16.251+0000] {logging_mixin.py:188} INFO - Uploaded /tmp/minio_downloads/customers_010237175312.parquet -> @customers stage
[2025-11-22T20:48:16.790+0000] {logging_mixin.py:188} INFO - Data loaded into customers
[2025-11-22T20:48:17.229+0000] {logging_mixin.py:188} INFO - Uploaded /tmp/minio_downloads/accounts_010236086592.parquet -> @accounts stage
[2025-11-22T20:48:17.619+0000] {logging_mixin.py:188} INFO - Uploaded /tmp/minio_downloads/accounts_010236157723.parquet -> @accounts stage
[2025-11-22T20:48:18.027+0000] {logging_mixin.py:188} INFO - Uploaded /tmp/minio_downloads/accounts_010236227698.parquet -> @accounts stage
[2025-11-22T20:48:18.428+0000] {logging_mixin.py:188} INFO - Uploaded /tmp/minio_downloads/accounts_010236608759.parquet -> @accounts stage
[2025-11-22T20:48:18.824+0000] {logging_mixin.py:188} INFO - Uploaded /tmp/minio_downloads/accounts_010236696069.parquet -> @accounts stage
[2025-11-22T20:48:19.240+0000] {logging_mixin.py:188} INFO - Uploaded /tmp/minio_downloads/accounts_010236795593.parquet -> @accounts stage
[2025-11-22T20:48:19.649+0000] {logging_mixin.py:188} INFO - Uploaded /tmp/minio_downloads/accounts_010238283600.parquet -> @accounts stage
[2025-11-22T20:48:20.079+0000] {logging_mixin.py:188} INFO - Uploaded /tmp/minio_downloads/accounts_010238341752.parquet -> @accounts stage
[2025-11-22T20:48:20.522+0000] {logging_mixin.py:188} INFO - Uploaded /tmp/minio_downloads/accounts_010238404019.parquet -> @accounts stage
[2025-11-22T20:48:20.964+0000] {logging_mixin.py:188} INFO - Uploaded /tmp/minio_downloads/accounts_010238479909.parquet -> @accounts stage
[2025-11-22T20:48:21.611+0000] {logging_mixin.py:188} INFO - Data loaded into accounts
[2025-11-22T20:48:22.503+0000] {logging_mixin.py:188} INFO - Uploaded /tmp/minio_downloads/transactions_010235633458.parquet -> @transactions stage
[2025-11-22T20:48:22.986+0000] {logging_mixin.py:188} INFO - Uploaded /tmp/minio_downloads/transactions_010235708399.parquet -> @transactions stage
[2025-11-22T20:48:23.490+0000] {logging_mixin.py:188} INFO - Uploaded /tmp/minio_downloads/transactions_010235782839.parquet -> @transactions stage
[2025-11-22T20:48:23.942+0000] {logging_mixin.py:188} INFO - Uploaded /tmp/minio_downloads/transactions_010235853845.parquet -> @transactions stage
[2025-11-22T20:48:24.398+0000] {logging_mixin.py:188} INFO - Uploaded /tmp/minio_downloads/transactions_010235932092.parquet -> @transactions stage
[2025-11-22T20:48:24.924+0000] {logging_mixin.py:188} INFO - Uploaded /tmp/minio_downloads/transactions_010236012083.parquet -> @transactions stage
[2025-11-22T20:48:25.358+0000] {logging_mixin.py:188} INFO - Uploaded /tmp/minio_downloads/transactions_010237499928.parquet -> @transactions stage
[2025-11-22T20:48:25.813+0000] {logging_mixin.py:188} INFO - Uploaded /tmp/minio_downloads/transactions_010237571847.parquet -> @transactions stage
[2025-11-22T20:48:26.262+0000] {logging_mixin.py:188} INFO - Uploaded /tmp/minio_downloads/transactions_010237638818.parquet -> @transactions stage
[2025-11-22T20:48:26.726+0000] {logging_mixin.py:188} INFO - Uploaded /tmp/minio_downloads/transactions_010237719107.parquet -> @transactions stage
[2025-11-22T20:48:27.181+0000] {logging_mixin.py:188} INFO - Uploaded /tmp/minio_downloads/transactions_010237785772.parquet -> @transactions stage
[2025-11-22T20:48:27.629+0000] {logging_mixin.py:188} INFO - Uploaded /tmp/minio_downloads/transactions_010237968067.parquet -> @transactions stage
[2025-11-22T20:48:28.087+0000] {logging_mixin.py:188} INFO - Uploaded /tmp/minio_downloads/transactions_010238821190.parquet -> @transactions stage
[2025-11-22T20:48:28.584+0000] {logging_mixin.py:188} INFO - Uploaded /tmp/minio_downloads/transactions_010238886740.parquet -> @transactions stage
[2025-11-22T20:48:29.032+0000] {logging_mixin.py:188} INFO - Uploaded /tmp/minio_downloads/transactions_010238966165.parquet -> @transactions stage
[2025-11-22T20:48:29.505+0000] {logging_mixin.py:188} INFO - Uploaded /tmp/minio_downloads/transactions_010239032014.parquet -> @transactions stage
[2025-11-22T20:48:29.969+0000] {logging_mixin.py:188} INFO - Uploaded /tmp/minio_downloads/transactions_010239101948.parquet -> @transactions stage
[2025-11-22T20:48:30.411+0000] {logging_mixin.py:188} INFO - Uploaded /tmp/minio_downloads/transactions_010239171351.parquet -> @transactions stage
[2025-11-22T20:48:30.825+0000] {logging_mixin.py:188} INFO - Uploaded /tmp/minio_downloads/transactions_010239277724.parquet -> @transactions stage
[2025-11-22T20:48:31.214+0000] {logging_mixin.py:188} INFO - Uploaded /tmp/minio_downloads/transactions_010239600964.parquet -> @transactions stage
[2025-11-22T20:48:31.630+0000] {logging_mixin.py:188} INFO - Uploaded /tmp/minio_downloads/transactions_010239667857.parquet -> @transactions stage
[2025-11-22T20:48:32.118+0000] {logging_mixin.py:188} INFO - Uploaded /tmp/minio_downloads/transactions_010239741648.parquet -> @transactions stage
[2025-11-22T20:48:32.618+0000] {logging_mixin.py:188} INFO - Uploaded /tmp/minio_downloads/transactions_010239827606.parquet -> @transactions stage
[2025-11-22T20:48:33.116+0000] {logging_mixin.py:188} INFO - Uploaded /tmp/minio_downloads/transactions_010239891965.parquet -> @transactions stage
[2025-11-22T20:48:33.627+0000] {logging_mixin.py:188} INFO - Uploaded /tmp/minio_downloads/transactions_010239965932.parquet -> @transactions stage
[2025-11-22T20:48:34.095+0000] {logging_mixin.py:188} INFO - Uploaded /tmp/minio_downloads/transactions_010240107756.parquet -> @transactions stage
[2025-11-22T20:48:34.574+0000] {logging_mixin.py:188} INFO - Uploaded /tmp/minio_downloads/transactions_010240179570.parquet -> @transactions stage
[2025-11-22T20:48:35.012+0000] {logging_mixin.py:188} INFO - Data loaded into transactions
[2025-11-22T20:48:35.267+0000] {python.py:237} INFO - Done. Returned value was: None
[2025-11-22T20:48:35.268+0000] {taskinstance.py:441} INFO - ::group::Post task execution logs
[2025-11-22T20:48:35.280+0000] {taskinstance.py:1206} INFO - Marking task as SUCCESS. dag_id=minio_to_snowflake_banking, task_id=load_snowflake, run_id=scheduled__2025-11-22T20:47:00+00:00, execution_date=20251122T204700, start_date=20251122T204811, end_date=20251122T204835
[2025-11-22T20:48:35.345+0000] {local_task_job_runner.py:243} INFO - Task exited with return code 0
[2025-11-22T20:48:35.363+0000] {taskinstance.py:3503} INFO - 0 downstream tasks scheduled from follow-on schedule check
[2025-11-22T20:48:35.371+0000] {local_task_job_runner.py:222} INFO - ::endgroup::
