[2025-11-22T20:45:07.506+0000] {local_task_job_runner.py:120} INFO - ::group::Pre task execution logs
[2025-11-22T20:45:07.575+0000] {taskinstance.py:2076} INFO - Dependencies all met for dep_context=non-requeueable deps ti=<TaskInstance: minio_to_snowflake_banking.download_minio scheduled__2025-11-22T20:44:00+00:00 [queued]>
[2025-11-22T20:45:07.593+0000] {taskinstance.py:2076} INFO - Dependencies all met for dep_context=requeueable deps ti=<TaskInstance: minio_to_snowflake_banking.download_minio scheduled__2025-11-22T20:44:00+00:00 [queued]>
[2025-11-22T20:45:07.595+0000] {taskinstance.py:2306} INFO - Starting attempt 1 of 2
[2025-11-22T20:45:07.639+0000] {taskinstance.py:2330} INFO - Executing <Task(PythonOperator): download_minio> on 2025-11-22 20:44:00+00:00
[2025-11-22T20:45:07.651+0000] {standard_task_runner.py:90} INFO - Running: ['***', 'tasks', 'run', 'minio_to_snowflake_banking', 'download_minio', 'scheduled__2025-11-22T20:44:00+00:00', '--job-id', '42', '--raw', '--subdir', 'DAGS_FOLDER/minio_to_snowflake_dag.py', '--cfg-path', '/tmp/tmp9faugqgu']
[2025-11-22T20:45:07.658+0000] {standard_task_runner.py:91} INFO - Job 42: Subtask download_minio
[2025-11-22T20:45:07.660+0000] {logging_mixin.py:188} WARNING - /home/***/.local/lib/python3.12/site-packages/***/task/task_runner/standard_task_runner.py:62 DeprecationWarning: This process (pid=2531) is multi-threaded, use of fork() may lead to deadlocks in the child.
[2025-11-22T20:45:07.661+0000] {standard_task_runner.py:64} INFO - Started process 2544 to run task
[2025-11-22T20:45:07.771+0000] {task_command.py:426} INFO - Running <TaskInstance: minio_to_snowflake_banking.download_minio scheduled__2025-11-22T20:44:00+00:00 [running]> on host ee2f5a032ee8
[2025-11-22T20:45:08.059+0000] {taskinstance.py:2648} INFO - Exporting env vars: AIRFLOW_CTX_DAG_OWNER='***' AIRFLOW_CTX_DAG_ID='minio_to_snowflake_banking' AIRFLOW_CTX_TASK_ID='download_minio' AIRFLOW_CTX_EXECUTION_DATE='2025-11-22T20:44:00+00:00' AIRFLOW_CTX_TRY_NUMBER='1' AIRFLOW_CTX_DAG_RUN_ID='scheduled__2025-11-22T20:44:00+00:00'
[2025-11-22T20:45:08.062+0000] {taskinstance.py:430} INFO - ::endgroup::
[2025-11-22T20:45:08.496+0000] {logging_mixin.py:188} INFO - Downloaded customers/date=2025-11-23/customers_010236872530.parquet -> /tmp/minio_downloads/customers_010236872530.parquet
[2025-11-22T20:45:08.510+0000] {logging_mixin.py:188} INFO - Downloaded customers/date=2025-11-23/customers_010236941250.parquet -> /tmp/minio_downloads/customers_010236941250.parquet
[2025-11-22T20:45:08.525+0000] {logging_mixin.py:188} INFO - Downloaded customers/date=2025-11-23/customers_010237005379.parquet -> /tmp/minio_downloads/customers_010237005379.parquet
[2025-11-22T20:45:08.539+0000] {logging_mixin.py:188} INFO - Downloaded customers/date=2025-11-23/customers_010237102508.parquet -> /tmp/minio_downloads/customers_010237102508.parquet
[2025-11-22T20:45:08.553+0000] {logging_mixin.py:188} INFO - Downloaded customers/date=2025-11-23/customers_010237175312.parquet -> /tmp/minio_downloads/customers_010237175312.parquet
[2025-11-22T20:45:08.606+0000] {logging_mixin.py:188} INFO - Downloaded accounts/date=2025-11-23/accounts_010236086592.parquet -> /tmp/minio_downloads/accounts_010236086592.parquet
[2025-11-22T20:45:08.620+0000] {logging_mixin.py:188} INFO - Downloaded accounts/date=2025-11-23/accounts_010236157723.parquet -> /tmp/minio_downloads/accounts_010236157723.parquet
[2025-11-22T20:45:08.633+0000] {logging_mixin.py:188} INFO - Downloaded accounts/date=2025-11-23/accounts_010236227698.parquet -> /tmp/minio_downloads/accounts_010236227698.parquet
[2025-11-22T20:45:08.647+0000] {logging_mixin.py:188} INFO - Downloaded accounts/date=2025-11-23/accounts_010236608759.parquet -> /tmp/minio_downloads/accounts_010236608759.parquet
[2025-11-22T20:45:08.661+0000] {logging_mixin.py:188} INFO - Downloaded accounts/date=2025-11-23/accounts_010236696069.parquet -> /tmp/minio_downloads/accounts_010236696069.parquet
[2025-11-22T20:45:08.676+0000] {logging_mixin.py:188} INFO - Downloaded accounts/date=2025-11-23/accounts_010236795593.parquet -> /tmp/minio_downloads/accounts_010236795593.parquet
[2025-11-22T20:45:08.699+0000] {logging_mixin.py:188} INFO - Downloaded accounts/date=2025-11-23/accounts_010238283600.parquet -> /tmp/minio_downloads/accounts_010238283600.parquet
[2025-11-22T20:45:08.723+0000] {logging_mixin.py:188} INFO - Downloaded accounts/date=2025-11-23/accounts_010238341752.parquet -> /tmp/minio_downloads/accounts_010238341752.parquet
[2025-11-22T20:45:08.738+0000] {logging_mixin.py:188} INFO - Downloaded accounts/date=2025-11-23/accounts_010238404019.parquet -> /tmp/minio_downloads/accounts_010238404019.parquet
[2025-11-22T20:45:08.753+0000] {logging_mixin.py:188} INFO - Downloaded accounts/date=2025-11-23/accounts_010238479909.parquet -> /tmp/minio_downloads/accounts_010238479909.parquet
[2025-11-22T20:45:08.847+0000] {logging_mixin.py:188} INFO - Downloaded transactions/date=2025-11-23/transactions_010235633458.parquet -> /tmp/minio_downloads/transactions_010235633458.parquet
[2025-11-22T20:45:08.863+0000] {logging_mixin.py:188} INFO - Downloaded transactions/date=2025-11-23/transactions_010235708399.parquet -> /tmp/minio_downloads/transactions_010235708399.parquet
[2025-11-22T20:45:08.876+0000] {logging_mixin.py:188} INFO - Downloaded transactions/date=2025-11-23/transactions_010235782839.parquet -> /tmp/minio_downloads/transactions_010235782839.parquet
[2025-11-22T20:45:08.890+0000] {logging_mixin.py:188} INFO - Downloaded transactions/date=2025-11-23/transactions_010235853845.parquet -> /tmp/minio_downloads/transactions_010235853845.parquet
[2025-11-22T20:45:08.906+0000] {logging_mixin.py:188} INFO - Downloaded transactions/date=2025-11-23/transactions_010235932092.parquet -> /tmp/minio_downloads/transactions_010235932092.parquet
[2025-11-22T20:45:08.920+0000] {logging_mixin.py:188} INFO - Downloaded transactions/date=2025-11-23/transactions_010236012083.parquet -> /tmp/minio_downloads/transactions_010236012083.parquet
[2025-11-22T20:45:08.934+0000] {logging_mixin.py:188} INFO - Downloaded transactions/date=2025-11-23/transactions_010237499928.parquet -> /tmp/minio_downloads/transactions_010237499928.parquet
[2025-11-22T20:45:08.948+0000] {logging_mixin.py:188} INFO - Downloaded transactions/date=2025-11-23/transactions_010237571847.parquet -> /tmp/minio_downloads/transactions_010237571847.parquet
[2025-11-22T20:45:08.963+0000] {logging_mixin.py:188} INFO - Downloaded transactions/date=2025-11-23/transactions_010237638818.parquet -> /tmp/minio_downloads/transactions_010237638818.parquet
[2025-11-22T20:45:08.980+0000] {logging_mixin.py:188} INFO - Downloaded transactions/date=2025-11-23/transactions_010237719107.parquet -> /tmp/minio_downloads/transactions_010237719107.parquet
[2025-11-22T20:45:08.999+0000] {logging_mixin.py:188} INFO - Downloaded transactions/date=2025-11-23/transactions_010237785772.parquet -> /tmp/minio_downloads/transactions_010237785772.parquet
[2025-11-22T20:45:09.017+0000] {logging_mixin.py:188} INFO - Downloaded transactions/date=2025-11-23/transactions_010237968067.parquet -> /tmp/minio_downloads/transactions_010237968067.parquet
[2025-11-22T20:45:09.035+0000] {logging_mixin.py:188} INFO - Downloaded transactions/date=2025-11-23/transactions_010238821190.parquet -> /tmp/minio_downloads/transactions_010238821190.parquet
[2025-11-22T20:45:09.054+0000] {logging_mixin.py:188} INFO - Downloaded transactions/date=2025-11-23/transactions_010238886740.parquet -> /tmp/minio_downloads/transactions_010238886740.parquet
[2025-11-22T20:45:09.071+0000] {logging_mixin.py:188} INFO - Downloaded transactions/date=2025-11-23/transactions_010238966165.parquet -> /tmp/minio_downloads/transactions_010238966165.parquet
[2025-11-22T20:45:09.089+0000] {logging_mixin.py:188} INFO - Downloaded transactions/date=2025-11-23/transactions_010239032014.parquet -> /tmp/minio_downloads/transactions_010239032014.parquet
[2025-11-22T20:45:09.106+0000] {logging_mixin.py:188} INFO - Downloaded transactions/date=2025-11-23/transactions_010239101948.parquet -> /tmp/minio_downloads/transactions_010239101948.parquet
[2025-11-22T20:45:09.124+0000] {logging_mixin.py:188} INFO - Downloaded transactions/date=2025-11-23/transactions_010239171351.parquet -> /tmp/minio_downloads/transactions_010239171351.parquet
[2025-11-22T20:45:09.140+0000] {logging_mixin.py:188} INFO - Downloaded transactions/date=2025-11-23/transactions_010239277724.parquet -> /tmp/minio_downloads/transactions_010239277724.parquet
[2025-11-22T20:45:09.157+0000] {logging_mixin.py:188} INFO - Downloaded transactions/date=2025-11-23/transactions_010239600964.parquet -> /tmp/minio_downloads/transactions_010239600964.parquet
[2025-11-22T20:45:09.174+0000] {logging_mixin.py:188} INFO - Downloaded transactions/date=2025-11-23/transactions_010239667857.parquet -> /tmp/minio_downloads/transactions_010239667857.parquet
[2025-11-22T20:45:09.192+0000] {logging_mixin.py:188} INFO - Downloaded transactions/date=2025-11-23/transactions_010239741648.parquet -> /tmp/minio_downloads/transactions_010239741648.parquet
[2025-11-22T20:45:09.211+0000] {logging_mixin.py:188} INFO - Downloaded transactions/date=2025-11-23/transactions_010239827606.parquet -> /tmp/minio_downloads/transactions_010239827606.parquet
[2025-11-22T20:45:09.230+0000] {logging_mixin.py:188} INFO - Downloaded transactions/date=2025-11-23/transactions_010239891965.parquet -> /tmp/minio_downloads/transactions_010239891965.parquet
[2025-11-22T20:45:09.248+0000] {logging_mixin.py:188} INFO - Downloaded transactions/date=2025-11-23/transactions_010239965932.parquet -> /tmp/minio_downloads/transactions_010239965932.parquet
[2025-11-22T20:45:09.267+0000] {logging_mixin.py:188} INFO - Downloaded transactions/date=2025-11-23/transactions_010240107756.parquet -> /tmp/minio_downloads/transactions_010240107756.parquet
[2025-11-22T20:45:09.285+0000] {logging_mixin.py:188} INFO - Downloaded transactions/date=2025-11-23/transactions_010240179570.parquet -> /tmp/minio_downloads/transactions_010240179570.parquet
[2025-11-22T20:45:09.286+0000] {python.py:237} INFO - Done. Returned value was: {'customers': ['/tmp/minio_downloads/customers_010236872530.parquet', '/tmp/minio_downloads/customers_010236941250.parquet', '/tmp/minio_downloads/customers_010237005379.parquet', '/tmp/minio_downloads/customers_010237102508.parquet', '/tmp/minio_downloads/customers_010237175312.parquet'], 'accounts': ['/tmp/minio_downloads/accounts_010236086592.parquet', '/tmp/minio_downloads/accounts_010236157723.parquet', '/tmp/minio_downloads/accounts_010236227698.parquet', '/tmp/minio_downloads/accounts_010236608759.parquet', '/tmp/minio_downloads/accounts_010236696069.parquet', '/tmp/minio_downloads/accounts_010236795593.parquet', '/tmp/minio_downloads/accounts_010238283600.parquet', '/tmp/minio_downloads/accounts_010238341752.parquet', '/tmp/minio_downloads/accounts_010238404019.parquet', '/tmp/minio_downloads/accounts_010238479909.parquet'], 'transactions': ['/tmp/minio_downloads/transactions_010235633458.parquet', '/tmp/minio_downloads/transactions_010235708399.parquet', '/tmp/minio_downloads/transactions_010235782839.parquet', '/tmp/minio_downloads/transactions_010235853845.parquet', '/tmp/minio_downloads/transactions_010235932092.parquet', '/tmp/minio_downloads/transactions_010236012083.parquet', '/tmp/minio_downloads/transactions_010237499928.parquet', '/tmp/minio_downloads/transactions_010237571847.parquet', '/tmp/minio_downloads/transactions_010237638818.parquet', '/tmp/minio_downloads/transactions_010237719107.parquet', '/tmp/minio_downloads/transactions_010237785772.parquet', '/tmp/minio_downloads/transactions_010237968067.parquet', '/tmp/minio_downloads/transactions_010238821190.parquet', '/tmp/minio_downloads/transactions_010238886740.parquet', '/tmp/minio_downloads/transactions_010238966165.parquet', '/tmp/minio_downloads/transactions_010239032014.parquet', '/tmp/minio_downloads/transactions_010239101948.parquet', '/tmp/minio_downloads/transactions_010239171351.parquet', '/tmp/minio_downloads/transactions_010239277724.parquet', '/tmp/minio_downloads/transactions_010239600964.parquet', '/tmp/minio_downloads/transactions_010239667857.parquet', '/tmp/minio_downloads/transactions_010239741648.parquet', '/tmp/minio_downloads/transactions_010239827606.parquet', '/tmp/minio_downloads/transactions_010239891965.parquet', '/tmp/minio_downloads/transactions_010239965932.parquet', '/tmp/minio_downloads/transactions_010240107756.parquet', '/tmp/minio_downloads/transactions_010240179570.parquet']}
[2025-11-22T20:45:09.287+0000] {taskinstance.py:441} INFO - ::group::Post task execution logs
[2025-11-22T20:45:09.325+0000] {taskinstance.py:1206} INFO - Marking task as SUCCESS. dag_id=minio_to_snowflake_banking, task_id=download_minio, run_id=scheduled__2025-11-22T20:44:00+00:00, execution_date=20251122T204400, start_date=20251122T204507, end_date=20251122T204509
[2025-11-22T20:45:09.360+0000] {local_task_job_runner.py:243} INFO - Task exited with return code 0
[2025-11-22T20:45:09.382+0000] {taskinstance.py:3503} INFO - 1 downstream tasks scheduled from follow-on schedule check
[2025-11-22T20:45:09.389+0000] {local_task_job_runner.py:222} INFO - ::endgroup::
